<?xml version="1.0" encoding="UTF-8"?>
<!-- Generated by org.testng.reporters.JUnitReportReporter -->
<testsuite skipped="0" hostname="SumaiyaNaghma" name="com.actitime.tests.VerifyVersionTest" tests="1" failures="0" timestamp="25 Jul 2018 15:16:05 GMT" time="15.095" errors="1">
  <testcase name="testVerifyVersion" time="15.095" classname="com.actitime.tests.VerifyVersionTest">
    <error type="java.lang.StackOverflowError">
      <![CDATA[java.lang.StackOverflowError
at com.actitime.pages.LoginPage.verifyTitle(LoginPage.java:24)
at com.actitime.pages.LoginPage.verifyTitle(LoginPage.java:24)
at com.actitime.pages.LoginPage.verifyTitle(LoginPage.java:24)
at com.actitime.pages.LoginPage.verifyTitle(LoginPage.java:24)
at com.actitime.pages.LoginPage.verifyTitle(LoginPage.java:24)
at com.actitime.pages.LoginPage.verifyTitle(LoginPage.java:24)
at com.actitime.pages.LoginPage.verifyTitle(LoginPage.java:24)
at com.actitime.pages.LoginPage.verifyTitle(LoginPage.java:24)
at com.actitime.pages.LoginPage.verifyTitle(LoginPage.java:24)
at com.actitime.pages.LoginPage.verifyTitle(LoginPage.java:24)
at com.actitime.pages.LoginPage.verifyTitle(LoginPage.java:24)
at com.actitime.pages.LoginPage.verifyTitle(LoginPage.java:24)
at com.actitime.pages.LoginPage.verifyTitle(LoginPage.java:24)
at com.actitime.pages.LoginPage.verifyTitle(LoginPage.java:24)
at com.actitime.pages.LoginPage.verifyTitle(LoginPage.java:24)
at com.actitime.pages.LoginPage.verifyTitle(LoginPage.java:24)
at com.actitime.pages.LoginPage.verifyTitle(LoginPage.java:24)
at com.actitime.pages.LoginPage.verifyTitle(LoginPage.java:24)
at com.actitime.pages.LoginPage.verifyTitle(LoginPage.java:24)
at com.actitime.pages.LoginPage.verifyTitle(LoginPage.java:24)
at com.actitime.pages.LoginPage.verifyTitle(LoginPage.java:24)
at com.actitime.pages.LoginPage.verifyTitle(LoginPage.java:24)
at com.actitime.pages.LoginPage.verifyTitle(LoginPage.java:24)
at com.actitime.pages.LoginPage.verifyTitle(LoginPage.java:24)
at com.actitime.pages.LoginPage.verifyTitle(LoginPage.java:24)
at com.actitime.pages.LoginPage.verifyTitle(LoginPage.java:24)
at com.actitime.pages.LoginPage.verifyTitle(LoginPage.java:24)
at com.actitime.pages.LoginPage.verifyTitle(LoginPage.java:24)
at com.actitime.pages.LoginPage.verifyTitle(LoginPage.java:24)
at com.actitime.pages.LoginPage.verifyTitle(LoginPage.java:24)
at com.actitime.pages.LoginPage.verifyTitle(LoginPage.java:24)
at com.actitime.pages.LoginPage.verifyTitle(LoginPage.java:24)
at com.actitime.pages.LoginPage.verifyTitle(LoginPage.java:24)
at com.actitime.pages.LoginPage.verifyTitle(LoginPage.java:24)
at com.actitime.pages.LoginPage.verifyTitle(LoginPage.java:24)
at com.actitime.pages.LoginPage.verifyTitle(LoginPage.java:24)
at com.actitime.pages.LoginPage.verifyTitle(LoginPage.java:24)
at com.actitime.pages.LoginPage.verifyTitle(LoginPage.java:24)
at com.actitime.pages.LoginPage.verifyTitle(LoginPage.java:24)
at com.actitime.pages.LoginPage.verifyTitle(LoginPage.java:24)
at com.actitime.pages.LoginPage.verifyTitle(LoginPage.java:24)
at com.actitime.pages.LoginPage.verifyTitle(LoginPage.java:24)
at com.actitime.pages.LoginPage.verifyTitle(LoginPage.java:24)
at com.actitime.pages.LoginPage.verifyTitle(LoginPage.java:24)
at com.actitime.pages.LoginPage.verifyTitle(LoginPage.java:24)
at com.actitime.pages.LoginPage.verifyTitle(LoginPage.java:24)
at com.actitime.pages.LoginPage.verifyTitle(LoginPage.java:24)
at com.actitime.pages.LoginPage.verifyTitle(LoginPage.java:24)
at com.actitime.pages.LoginPage.verifyTitle(LoginPage.java:24)
at com.actitime.pages.LoginPage.verifyTitle(LoginPage.java:24)
at com.actitime.pages.LoginPage.verifyTitle(LoginPage.java:24)
at com.actitime.pages.LoginPage.verifyTitle(LoginPage.java:24)
at com.actitime.pages.LoginPage.verifyTitle(LoginPage.java:24)
at com.actitime.pages.LoginPage.verifyTitle(LoginPage.java:24)
at com.actitime.pages.LoginPage.verifyTitle(LoginPage.java:24)
at com.actitime.pages.LoginPage.verifyTitle(LoginPage.java:24)
at com.actitime.pages.LoginPage.verifyTitle(LoginPage.java:24)
at com.actitime.pages.LoginPage.verifyTitle(LoginPage.java:24)
at com.actitime.pages.LoginPage.verifyTitle(LoginPage.java:24)
at com.actitime.pages.LoginPage.verifyTitle(LoginPage.java:24)
at com.actitime.pages.LoginPage.verifyTitle(LoginPage.java:24)
at com.actitime.pages.LoginPage.verifyTitle(LoginPage.java:24)
at com.actitime.pages.LoginPage.verifyTitle(LoginPage.java:24)
at com.actitime.pages.LoginPage.verifyTitle(LoginPage.java:24)
at com.actitime.pages.LoginPage.verifyTitle(LoginPage.java:24)
at com.actitime.pages.LoginPage.verifyTitle(LoginPage.java:24)
at com.actitime.pages.LoginPage.verifyTitle(LoginPage.java:24)
at com.actitime.pages.LoginPage.verifyTitle(LoginPage.java:24)
at com.actitime.pages.LoginPage.verifyTitle(LoginPage.java:24)
at com.actitime.pages.LoginPage.verifyTitle(LoginPage.java:24)
at com.actitime.pages.LoginPage.verifyTitle(LoginPage.java:24)
at com.actitime.pages.LoginPage.verifyTitle(LoginPage.java:24)
at com.actitime.pages.LoginPage.verifyTitle(LoginPage.java:24)
at com.actitime.pages.LoginPage.verifyTitle(LoginPage.java:24)
at com.actitime.pages.LoginPage.verifyTitle(LoginPage.java:24)
at com.actitime.pages.LoginPage.verifyTitle(LoginPage.java:24)
at com.actitime.pages.LoginPage.verifyTitle(LoginPage.java:24)
at com.actitime.pages.LoginPage.verifyTitle(LoginPage.java:24)
at com.actitime.pages.LoginPage.verifyTitle(LoginPage.java:24)
at com.actitime.pages.LoginPage.verifyTitle(LoginPage.java:24)
at com.actitime.pages.LoginPage.verifyTitle(LoginPage.java:24)
at com.actitime.pages.LoginPage.verifyTitle(LoginPage.java:24)
at com.actitime.pages.LoginPage.verifyTitle(LoginPage.java:24)
at com.actitime.pages.LoginPage.verifyTitle(LoginPage.java:24)
at com.actitime.pages.LoginPage.verifyTitle(LoginPage.java:24)
at com.actitime.pages.LoginPage.verifyTitle(LoginPage.java:24)
at com.actitime.pages.LoginPage.verifyTitle(LoginPage.java:24)
at com.actitime.pages.LoginPage.verifyTitle(LoginPage.java:24)
at com.actitime.pages.LoginPage.verifyTitle(LoginPage.java:24)
at com.actitime.pages.LoginPage.verifyTitle(LoginPage.java:24)
at com.actitime.pages.LoginPage.verifyTitle(LoginPage.java:24)
at com.actitime.pages.LoginPage.verifyTitle(LoginPage.java:24)
at com.actitime.pages.LoginPage.verifyTitle(LoginPage.java:24)
at com.actitime.pages.LoginPage.verifyTitle(LoginPage.java:24)
at com.actitime.pages.LoginPage.verifyTitle(LoginPage.java:24)
at com.actitime.pages.LoginPage.verifyTitle(LoginPage.java:24)
at com.actitime.pages.LoginPage.verifyTitle(LoginPage.java:24)
at com.actitime.pages.LoginPage.verifyTitle(LoginPage.java:24)
at com.actitime.pages.LoginPage.verifyTitle(LoginPage.java:24)
at com.actitime.pages.LoginPage.verifyTitle(LoginPage.java:24)
at com.actitime.pages.LoginPage.verifyTitle(LoginPage.java:24)
at com.actitime.pages.LoginPage.verifyTitle(LoginPage.java:24)
at com.actitime.pages.LoginPage.verifyTitle(LoginPage.java:24)
at com.actitime.pages.LoginPage.verifyTitle(LoginPage.java:24)
at com.actitime.pages.LoginPage.verifyTitle(LoginPage.java:24)
at com.actitime.pages.LoginPage.verifyTitle(LoginPage.java:24)
at com.actitime.pages.LoginPage.verifyTitle(LoginPage.java:24)
at com.actitime.pages.LoginPage.verifyTitle(LoginPage.java:24)
at com.actitime.pages.LoginPage.verifyTitle(LoginPage.java:24)
at com.actitime.pages.LoginPage.verifyTitle(LoginPage.java:24)
at com.actitime.pages.LoginPage.verifyTitle(LoginPage.java:24)
at com.actitime.pages.LoginPage.verifyTitle(LoginPage.java:24)
at com.actitime.pages.LoginPage.verifyTitle(LoginPage.java:24)
at com.actitime.pages.LoginPage.verifyTitle(LoginPage.java:24)
at com.actitime.pages.LoginPage.verifyTitle(LoginPage.java:24)
at com.actitime.pages.LoginPage.verifyTitle(LoginPage.java:24)
at com.actitime.pages.LoginPage.verifyTitle(LoginPage.java:24)
at com.actitime.pages.LoginPage.verifyTitle(LoginPage.java:24)
at com.actitime.pages.LoginPage.verifyTitle(LoginPage.java:24)
at com.actitime.pages.LoginPage.verifyTitle(LoginPage.java:24)
at com.actitime.pages.LoginPage.verifyTitle(LoginPage.java:24)
at com.actitime.pages.LoginPage.verifyTitle(LoginPage.java:24)
at com.actitime.pages.LoginPage.verifyTitle(LoginPage.java:24)
at com.actitime.pages.LoginPage.verifyTitle(LoginPage.java:24)
at com.actitime.pages.LoginPage.verifyTitle(LoginPage.java:24)
at com.actitime.pages.LoginPage.verifyTitle(LoginPage.java:24)
at com.actitime.pages.LoginPage.verifyTitle(LoginPage.java:24)
at com.actitime.pages.LoginPage.verifyTitle(LoginPage.java:24)
at com.actitime.pages.LoginPage.verifyTitle(LoginPage.java:24)
at com.actitime.pages.LoginPage.verifyTitle(LoginPage.java:24)
at com.actitime.pages.LoginPage.verifyTitle(LoginPage.java:24)
at com.actitime.pages.LoginPage.verifyTitle(LoginPage.java:24)
at com.actitime.pages.LoginPage.verifyTitle(LoginPage.java:24)
at com.actitime.pages.LoginPage.verifyTitle(LoginPage.java:24)
at com.actitime.pages.LoginPage.verifyTitle(LoginPage.java:24)
at com.actitime.pages.LoginPage.verifyTitle(LoginPage.java:24)
at com.actitime.pages.LoginPage.verifyTitle(LoginPage.java:24)
at com.actitime.pages.LoginPage.verifyTitle(LoginPage.java:24)
at com.actitime.pages.LoginPage.verifyTitle(LoginPage.java:24)
at com.actitime.pages.LoginPage.verifyTitle(LoginPage.java:24)
at com.actitime.pages.LoginPage.verifyTitle(LoginPage.java:24)
at com.actitime.pages.LoginPage.verifyTitle(LoginPage.java:24)
at com.actitime.pages.LoginPage.verifyTitle(LoginPage.java:24)
at com.actitime.pages.LoginPage.verifyTitle(LoginPage.java:24)
at com.actitime.pages.LoginPage.verifyTitle(LoginPage.java:24)
at com.actitime.pages.LoginPage.verifyTitle(LoginPage.java:24)
at com.actitime.pages.LoginPage.verifyTitle(LoginPage.java:24)
at com.actitime.pages.LoginPage.verifyTitle(LoginPage.java:24)
at com.actitime.pages.LoginPage.verifyTitle(LoginPage.java:24)
at com.actitime.pages.LoginPage.verifyTitle(LoginPage.java:24)
at com.actitime.pages.LoginPage.verifyTitle(LoginPage.java:24)
at com.actitime.pages.LoginPage.verifyTitle(LoginPage.java:24)
at com.actitime.pages.LoginPage.verifyTitle(LoginPage.java:24)
at com.actitime.pages.LoginPage.verifyTitle(LoginPage.java:24)
at com.actitime.pages.LoginPage.verifyTitle(LoginPage.java:24)
at com.actitime.pages.LoginPage.verifyTitle(LoginPage.java:24)
at com.actitime.pages.LoginPage.verifyTitle(LoginPage.java:24)
at com.actitime.pages.LoginPage.verifyTitle(LoginPage.java:24)
at com.actitime.pages.LoginPage.verifyTitle(LoginPage.java:24)
at com.actitime.pages.LoginPage.verifyTitle(LoginPage.java:24)
at com.actitime.pages.LoginPage.verifyTitle(LoginPage.java:24)
at com.actitime.pages.LoginPage.verifyTitle(LoginPage.java:24)
at com.actitime.pages.LoginPage.verifyTitle(LoginPage.java:24)
at com.actitime.pages.LoginPage.verifyTitle(LoginPage.java:24)
at com.actitime.pages.LoginPage.verifyTitle(LoginPage.java:24)
at com.actitime.pages.LoginPage.verifyTitle(LoginPage.java:24)
at com.actitime.pages.LoginPage.verifyTitle(LoginPage.java:24)
at com.actitime.pages.LoginPage.verifyTitle(LoginPage.java:24)
at com.actitime.pages.LoginPage.verifyTitle(LoginPage.java:24)
at com.actitime.pages.LoginPage.verifyTitle(LoginPage.java:24)
at com.actitime.pages.LoginPage.verifyTitle(LoginPage.java:24)
at com.actitime.pages.LoginPage.verifyTitle(LoginPage.java:24)
at com.actitime.pages.LoginPage.verifyTitle(LoginPage.java:24)
at com.actitime.pages.LoginPage.verifyTitle(LoginPage.java:24)
at com.actitime.pages.LoginPage.verifyTitle(LoginPage.java:24)
at com.actitime.pages.LoginPage.verifyTitle(LoginPage.java:24)
at com.actitime.pages.LoginPage.verifyTitle(LoginPage.java:24)
at com.actitime.pages.LoginPage.verifyTitle(LoginPage.java:24)
at com.actitime.pages.LoginPage.verifyTitle(LoginPage.java:24)
at com.actitime.pages.LoginPage.verifyTitle(LoginPage.java:24)
at com.actitime.pages.LoginPage.verifyTitle(LoginPage.java:24)
at com.actitime.pages.LoginPage.verifyTitle(LoginPage.java:24)
at com.actitime.pages.LoginPage.verifyTitle(LoginPage.java:24)
at com.actitime.pages.LoginPage.verifyTitle(LoginPage.java:24)
at com.actitime.pages.LoginPage.verifyTitle(LoginPage.java:24)
at com.actitime.pages.LoginPage.verifyTitle(LoginPage.java:24)
at com.actitime.pages.LoginPage.verifyTitle(LoginPage.java:24)
at com.actitime.pages.LoginPage.verifyTitle(LoginPage.java:24)
at com.actitime.pages.LoginPage.verifyTitle(LoginPage.java:24)
at com.actitime.pages.LoginPage.verifyTitle(LoginPage.java:24)
at com.actitime.pages.LoginPage.verifyTitle(LoginPage.java:24)
at com.actitime.pages.LoginPage.verifyTitle(LoginPage.java:24)
at com.actitime.pages.LoginPage.verifyTitle(LoginPage.java:24)
at com.actitime.pages.LoginPage.verifyTitle(LoginPage.java:24)
at com.actitime.pages.LoginPage.verifyTitle(LoginPage.java:24)
at com.actitime.pages.LoginPage.verifyTitle(LoginPage.java:24)
at com.actitime.pages.LoginPage.verifyTitle(LoginPage.java:24)
at com.actitime.pages.LoginPage.verifyTitle(LoginPage.java:24)
at com.actitime.pages.LoginPage.verifyTitle(LoginPage.java:24)
at com.actitime.pages.LoginPage.verifyTitle(LoginPage.java:24)
at com.actitime.pages.LoginPage.verifyTitle(LoginPage.java:24)
at com.actitime.pages.LoginPage.verifyTitle(LoginPage.java:24)
at com.actitime.pages.LoginPage.verifyTitle(LoginPage.java:24)
at com.actitime.pages.LoginPage.verifyTitle(LoginPage.java:24)
at com.actitime.pages.LoginPage.verifyTitle(LoginPage.java:24)
at com.actitime.pages.LoginPage.verifyTitle(LoginPage.java:24)
at com.actitime.pages.LoginPage.verifyTitle(LoginPage.java:24)
at com.actitime.pages.LoginPage.verifyTitle(LoginPage.java:24)
at com.actitime.pages.LoginPage.verifyTitle(LoginPage.java:24)
at com.actitime.pages.LoginPage.verifyTitle(LoginPage.java:24)
at com.actitime.pages.LoginPage.verifyTitle(LoginPage.java:24)
at com.actitime.pages.LoginPage.verifyTitle(LoginPage.java:24)
at com.actitime.pages.LoginPage.verifyTitle(LoginPage.java:24)
at com.actitime.pages.LoginPage.verifyTitle(LoginPage.java:24)
at com.actitime.pages.LoginPage.verifyTitle(LoginPage.java:24)
at com.actitime.pages.LoginPage.verifyTitle(LoginPage.java:24)
at com.actitime.pages.LoginPage.verifyTitle(LoginPage.java:24)
at com.actitime.pages.LoginPage.verifyTitle(LoginPage.java:24)
at com.actitime.pages.LoginPage.verifyTitle(LoginPage.java:24)
at com.actitime.pages.LoginPage.verifyTitle(LoginPage.java:24)
at com.actitime.pages.LoginPage.verifyTitle(LoginPage.java:24)
at com.actitime.pages.LoginPage.verifyTitle(LoginPage.java:24)
at com.actitime.pages.LoginPage.verifyTitle(LoginPage.java:24)
at com.actitime.pages.LoginPage.verifyTitle(LoginPage.java:24)
at com.actitime.pages.LoginPage.verifyTitle(LoginPage.java:24)
at com.actitime.pages.LoginPage.verifyTitle(LoginPage.java:24)
at com.actitime.pages.LoginPage.verifyTitle(LoginPage.java:24)
at com.actitime.pages.LoginPage.verifyTitle(LoginPage.java:24)
at com.actitime.pages.LoginPage.verifyTitle(LoginPage.java:24)
at com.actitime.pages.LoginPage.verifyTitle(LoginPage.java:24)
at com.actitime.pages.LoginPage.verifyTitle(LoginPage.java:24)
at com.actitime.pages.LoginPage.verifyTitle(LoginPage.java:24)
at com.actitime.pages.LoginPage.verifyTitle(LoginPage.java:24)
at com.actitime.pages.LoginPage.verifyTitle(LoginPage.java:24)
at com.actitime.pages.LoginPage.verifyTitle(LoginPage.java:24)
at com.actitime.pages.LoginPage.verifyTitle(LoginPage.java:24)
at com.actitime.pages.LoginPage.verifyTitle(LoginPage.java:24)
at com.actitime.pages.LoginPage.verifyTitle(LoginPage.java:24)
at com.actitime.pages.LoginPage.verifyTitle(LoginPage.java:24)
at com.actitime.pages.LoginPage.verifyTitle(LoginPage.java:24)
at com.actitime.pages.LoginPage.verifyTitle(LoginPage.java:24)
at com.actitime.pages.LoginPage.verifyTitle(LoginPage.java:24)
at com.actitime.pages.LoginPage.verifyTitle(LoginPage.java:24)
at com.actitime.pages.LoginPage.verifyTitle(LoginPage.java:24)
at com.actitime.pages.LoginPage.verifyTitle(LoginPage.java:24)
at com.actitime.pages.LoginPage.verifyTitle(LoginPage.java:24)
at com.actitime.pages.LoginPage.verifyTitle(LoginPage.java:24)
at com.actitime.pages.LoginPage.verifyTitle(LoginPage.java:24)
at com.actitime.pages.LoginPage.verifyTitle(LoginPage.java:24)
at com.actitime.pages.LoginPage.verifyTitle(LoginPage.java:24)
at com.actitime.pages.LoginPage.verifyTitle(LoginPage.java:24)
at com.actitime.pages.LoginPage.verifyTitle(LoginPage.java:24)
at com.actitime.pages.LoginPage.verifyTitle(LoginPage.java:24)
at com.actitime.pages.LoginPage.verifyTitle(LoginPage.java:24)
at com.actitime.pages.LoginPage.verifyTitle(LoginPage.java:24)
at com.actitime.pages.LoginPage.verifyTitle(LoginPage.java:24)
at com.actitime.pages.LoginPage.verifyTitle(LoginPage.java:24)
at com.actitime.pages.LoginPage.verifyTitle(LoginPage.java:24)
at com.actitime.pages.LoginPage.verifyTitle(LoginPage.java:24)
at com.actitime.pages.LoginPage.verifyTitle(LoginPage.java:24)
at com.actitime.pages.LoginPage.verifyTitle(LoginPage.java:24)
at com.actitime.pages.LoginPage.verifyTitle(LoginPage.java:24)
at com.actitime.pages.LoginPage.verifyTitle(LoginPage.java:24)
at com.actitime.pages.LoginPage.verifyTitle(LoginPage.java:24)
at com.actitime.pages.LoginPage.verifyTitle(LoginPage.java:24)
at com.actitime.pages.LoginPage.verifyTitle(LoginPage.java:24)
at com.actitime.pages.LoginPage.verifyTitle(LoginPage.java:24)
at com.actitime.pages.LoginPage.verifyTitle(LoginPage.java:24)
at com.actitime.pages.LoginPage.verifyTitle(LoginPage.java:24)
at com.actitime.pages.LoginPage.verifyTitle(LoginPage.java:24)
at com.actitime.pages.LoginPage.verifyTitle(LoginPage.java:24)
at com.actitime.pages.LoginPage.verifyTitle(LoginPage.java:24)
at com.actitime.pages.LoginPage.verifyTitle(LoginPage.java:24)
at com.actitime.pages.LoginPage.verifyTitle(LoginPage.java:24)
at com.actitime.pages.LoginPage.verifyTitle(LoginPage.java:24)
at com.actitime.pages.LoginPage.verifyTitle(LoginPage.java:24)
at com.actitime.pages.LoginPage.verifyTitle(LoginPage.java:24)
at com.actitime.pages.LoginPage.verifyTitle(LoginPage.java:24)
at com.actitime.pages.LoginPage.verifyTitle(LoginPage.java:24)
at com.actitime.pages.LoginPage.verifyTitle(LoginPage.java:24)
at com.actitime.pages.LoginPage.verifyTitle(LoginPage.java:24)
at com.actitime.pages.LoginPage.verifyTitle(LoginPage.java:24)
at com.actitime.pages.LoginPage.verifyTitle(LoginPage.java:24)
at com.actitime.pages.LoginPage.verifyTitle(LoginPage.java:24)
at com.actitime.pages.LoginPage.verifyTitle(LoginPage.java:24)
at com.actitime.pages.LoginPage.verifyTitle(LoginPage.java:24)
at com.actitime.pages.LoginPage.verifyTitle(LoginPage.java:24)
at com.actitime.pages.LoginPage.verifyTitle(LoginPage.java:24)
at com.actitime.pages.LoginPage.verifyTitle(LoginPage.java:24)
at com.actitime.pages.LoginPage.verifyTitle(LoginPage.java:24)
at com.actitime.pages.LoginPage.verifyTitle(LoginPage.java:24)
at com.actitime.pages.LoginPage.verifyTitle(LoginPage.java:24)
at com.actitime.pages.LoginPage.verifyTitle(LoginPage.java:24)
at com.actitime.pages.LoginPage.verifyTitle(LoginPage.java:24)
at com.actitime.pages.LoginPage.verifyTitle(LoginPage.java:24)
at com.actitime.pages.LoginPage.verifyTitle(LoginPage.java:24)
at com.actitime.pages.LoginPage.verifyTitle(LoginPage.java:24)
at com.actitime.pages.LoginPage.verifyTitle(LoginPage.java:24)
at com.actitime.pages.LoginPage.verifyTitle(LoginPage.java:24)
at com.actitime.pages.LoginPage.verifyTitle(LoginPage.java:24)
at com.actitime.pages.LoginPage.verifyTitle(LoginPage.java:24)
at com.actitime.pages.LoginPage.verifyTitle(LoginPage.java:24)
at com.actitime.pages.LoginPage.verifyTitle(LoginPage.java:24)
at com.actitime.pages.LoginPage.verifyTitle(LoginPage.java:24)
at com.actitime.pages.LoginPage.verifyTitle(LoginPage.java:24)
at com.actitime.pages.LoginPage.verifyTitle(LoginPage.java:24)
at com.actitime.pages.LoginPage.verifyTitle(LoginPage.java:24)
at com.actitime.pages.LoginPage.verifyTitle(LoginPage.java:24)
at com.actitime.pages.LoginPage.verifyTitle(LoginPage.java:24)
at com.actitime.pages.LoginPage.verifyTitle(LoginPage.java:24)
at com.actitime.pages.LoginPage.verifyTitle(LoginPage.java:24)
at com.actitime.pages.LoginPage.verifyTitle(LoginPage.java:24)
at com.actitime.pages.LoginPage.verifyTitle(LoginPage.java:24)
at com.actitime.pages.LoginPage.verifyTitle(LoginPage.java:24)
at com.actitime.pages.LoginPage.verifyTitle(LoginPage.java:24)
at com.actitime.pages.LoginPage.verifyTitle(LoginPage.java:24)
at com.actitime.pages.LoginPage.verifyTitle(LoginPage.java:24)
at com.actitime.pages.LoginPage.verifyTitle(LoginPage.java:24)
at com.actitime.pages.LoginPage.verifyTitle(LoginPage.java:24)
at com.actitime.pages.LoginPage.verifyTitle(LoginPage.java:24)
at com.actitime.pages.LoginPage.verifyTitle(LoginPage.java:24)
at com.actitime.pages.LoginPage.verifyTitle(LoginPage.java:24)
at com.actitime.pages.LoginPage.verifyTitle(LoginPage.java:24)
at com.actitime.pages.LoginPage.verifyTitle(LoginPage.java:24)
at com.actitime.pages.LoginPage.verifyTitle(LoginPage.java:24)
at com.actitime.pages.LoginPage.verifyTitle(LoginPage.java:24)
at com.actitime.pages.LoginPage.verifyTitle(LoginPage.java:24)
at com.actitime.pages.LoginPage.verifyTitle(LoginPage.java:24)
at com.actitime.pages.LoginPage.verifyTitle(LoginPage.java:24)
at com.actitime.pages.LoginPage.verifyTitle(LoginPage.java:24)
at com.actitime.pages.LoginPage.verifyTitle(LoginPage.java:24)
at com.actitime.pages.LoginPage.verifyTitle(LoginPage.java:24)
at com.actitime.pages.LoginPage.verifyTitle(LoginPage.java:24)
at com.actitime.pages.LoginPage.verifyTitle(LoginPage.java:24)
at com.actitime.pages.LoginPage.verifyTitle(LoginPage.java:24)
at com.actitime.pages.LoginPage.verifyTitle(LoginPage.java:24)
at com.actitime.pages.LoginPage.verifyTitle(LoginPage.java:24)
at com.actitime.pages.LoginPage.verifyTitle(LoginPage.java:24)
at com.actitime.pages.LoginPage.verifyTitle(LoginPage.java:24)
at com.actitime.pages.LoginPage.verifyTitle(LoginPage.java:24)
at com.actitime.pages.LoginPage.verifyTitle(LoginPage.java:24)
at com.actitime.pages.LoginPage.verifyTitle(LoginPage.java:24)
at com.actitime.pages.LoginPage.verifyTitle(LoginPage.java:24)
at com.actitime.pages.LoginPage.verifyTitle(LoginPage.java:24)
at com.actitime.pages.LoginPage.verifyTitle(LoginPage.java:24)
at com.actitime.pages.LoginPage.verifyTitle(LoginPage.java:24)
at com.actitime.pages.LoginPage.verifyTitle(LoginPage.java:24)
at com.actitime.pages.LoginPage.verifyTitle(LoginPage.java:24)
at com.actitime.pages.LoginPage.verifyTitle(LoginPage.java:24)
at com.actitime.pages.LoginPage.verifyTitle(LoginPage.java:24)
at com.actitime.pages.LoginPage.verifyTitle(LoginPage.java:24)
at com.actitime.pages.LoginPage.verifyTitle(LoginPage.java:24)
at com.actitime.pages.LoginPage.verifyTitle(LoginPage.java:24)
at com.actitime.pages.LoginPage.verifyTitle(LoginPage.java:24)
at com.actitime.pages.LoginPage.verifyTitle(LoginPage.java:24)
at com.actitime.pages.LoginPage.verifyTitle(LoginPage.java:24)
at com.actitime.pages.LoginPage.verifyTitle(LoginPage.java:24)
at com.actitime.pages.LoginPage.verifyTitle(LoginPage.java:24)
at com.actitime.pages.LoginPage.verifyTitle(LoginPage.java:24)
at com.actitime.pages.LoginPage.verifyTitle(LoginPage.java:24)
at com.actitime.pages.LoginPage.verifyTitle(LoginPage.java:24)
at com.actitime.pages.LoginPage.verifyTitle(LoginPage.java:24)
at com.actitime.pages.LoginPage.verifyTitle(LoginPage.java:24)
at com.actitime.pages.LoginPage.verifyTitle(LoginPage.java:24)
at com.actitime.pages.LoginPage.verifyTitle(LoginPage.java:24)
at com.actitime.pages.LoginPage.verifyTitle(LoginPage.java:24)
at com.actitime.pages.LoginPage.verifyTitle(LoginPage.java:24)
at com.actitime.pages.LoginPage.verifyTitle(LoginPage.java:24)
at com.actitime.pages.LoginPage.verifyTitle(LoginPage.java:24)
at com.actitime.pages.LoginPage.verifyTitle(LoginPage.java:24)
at com.actitime.pages.LoginPage.verifyTitle(LoginPage.java:24)
at com.actitime.pages.LoginPage.verifyTitle(LoginPage.java:24)
at com.actitime.pages.LoginPage.verifyTitle(LoginPage.java:24)
at com.actitime.pages.LoginPage.verifyTitle(LoginPage.java:24)
at com.actitime.pages.LoginPage.verifyTitle(LoginPage.java:24)
at com.actitime.pages.LoginPage.verifyTitle(LoginPage.java:24)
at com.actitime.pages.LoginPage.verifyTitle(LoginPage.java:24)
at com.actitime.pages.LoginPage.verifyTitle(LoginPage.java:24)
at com.actitime.pages.LoginPage.verifyTitle(LoginPage.java:24)
at com.actitime.pages.LoginPage.verifyTitle(LoginPage.java:24)
at com.actitime.pages.LoginPage.verifyTitle(LoginPage.java:24)
at com.actitime.pages.LoginPage.verifyTitle(LoginPage.java:24)
at com.actitime.pages.LoginPage.verifyTitle(LoginPage.java:24)
at com.actitime.pages.LoginPage.verifyTitle(LoginPage.java:24)
at com.actitime.pages.LoginPage.verifyTitle(LoginPage.java:24)
at com.actitime.pages.LoginPage.verifyTitle(LoginPage.java:24)
at com.actitime.pages.LoginPage.verifyTitle(LoginPage.java:24)
at com.actitime.pages.LoginPage.verifyTitle(LoginPage.java:24)
at com.actitime.pages.LoginPage.verifyTitle(LoginPage.java:24)
at com.actitime.pages.LoginPage.verifyTitle(LoginPage.java:24)
at com.actitime.pages.LoginPage.verifyTitle(LoginPage.java:24)
at com.actitime.pages.LoginPage.verifyTitle(LoginPage.java:24)
at com.actitime.pages.LoginPage.verifyTitle(LoginPage.java:24)
at com.actitime.pages.LoginPage.verifyTitle(LoginPage.java:24)
at com.actitime.pages.LoginPage.verifyTitle(LoginPage.java:24)
at com.actitime.pages.LoginPage.verifyTitle(LoginPage.java:24)
at com.actitime.pages.LoginPage.verifyTitle(LoginPage.java:24)
at com.actitime.pages.LoginPage.verifyTitle(LoginPage.java:24)
at com.actitime.pages.LoginPage.verifyTitle(LoginPage.java:24)
at com.actitime.pages.LoginPage.verifyTitle(LoginPage.java:24)
at com.actitime.pages.LoginPage.verifyTitle(LoginPage.java:24)
at com.actitime.pages.LoginPage.verifyTitle(LoginPage.java:24)
at com.actitime.pages.LoginPage.verifyTitle(LoginPage.java:24)
at com.actitime.pages.LoginPage.verifyTitle(LoginPage.java:24)
at com.actitime.pages.LoginPage.verifyTitle(LoginPage.java:24)
at com.actitime.pages.LoginPage.verifyTitle(LoginPage.java:24)
at com.actitime.pages.LoginPage.verifyTitle(LoginPage.java:24)
at com.actitime.pages.LoginPage.verifyTitle(LoginPage.java:24)
at com.actitime.pages.LoginPage.verifyTitle(LoginPage.java:24)
at com.actitime.pages.LoginPage.verifyTitle(LoginPage.java:24)
at com.actitime.pages.LoginPage.verifyTitle(LoginPage.java:24)
at com.actitime.pages.LoginPage.verifyTitle(LoginPage.java:24)
at com.actitime.pages.LoginPage.verifyTitle(LoginPage.java:24)
at com.actitime.pages.LoginPage.verifyTitle(LoginPage.java:24)
at com.actitime.pages.LoginPage.verifyTitle(LoginPage.java:24)
at com.actitime.pages.LoginPage.verifyTitle(LoginPage.java:24)
at com.actitime.pages.LoginPage.verifyTitle(LoginPage.java:24)
at com.actitime.pages.LoginPage.verifyTitle(LoginPage.java:24)
at com.actitime.pages.LoginPage.verifyTitle(LoginPage.java:24)
at com.actitime.pages.LoginPage.verifyTitle(LoginPage.java:24)
at com.actitime.pages.LoginPage.verifyTitle(LoginPage.java:24)
at com.actitime.pages.LoginPage.verifyTitle(LoginPage.java:24)
at com.actitime.pages.LoginPage.verifyTitle(LoginPage.java:24)
at com.actitime.pages.LoginPage.verifyTitle(LoginPage.java:24)
at com.actitime.pages.LoginPage.verifyTitle(LoginPage.java:24)
at com.actitime.pages.LoginPage.verifyTitle(LoginPage.java:24)
at com.actitime.pages.LoginPage.verifyTitle(LoginPage.java:24)
at com.actitime.pages.LoginPage.verifyTitle(LoginPage.java:24)
at com.actitime.pages.LoginPage.verifyTitle(LoginPage.java:24)
at com.actitime.pages.LoginPage.verifyTitle(LoginPage.java:24)
at com.actitime.pages.LoginPage.verifyTitle(LoginPage.java:24)
at com.actitime.pages.LoginPage.verifyTitle(LoginPage.java:24)
at com.actitime.pages.LoginPage.verifyTitle(LoginPage.java:24)
at com.actitime.pages.LoginPage.verifyTitle(LoginPage.java:24)
at com.actitime.pages.LoginPage.verifyTitle(LoginPage.java:24)
at com.actitime.pages.LoginPage.verifyTitle(LoginPage.java:24)
at com.actitime.pages.LoginPage.verifyTitle(LoginPage.java:24)
at com.actitime.pages.LoginPage.verifyTitle(LoginPage.java:24)
at com.actitime.pages.LoginPage.verifyTitle(LoginPage.java:24)
at com.actitime.pages.LoginPage.verifyTitle(LoginPage.java:24)
at com.actitime.pages.LoginPage.verifyTitle(LoginPage.java:24)
at com.actitime.pages.LoginPage.verifyTitle(LoginPage.java:24)
at com.actitime.pages.LoginPage.verifyTitle(LoginPage.java:24)
at com.actitime.pages.LoginPage.verifyTitle(LoginPage.java:24)
at com.actitime.pages.LoginPage.verifyTitle(LoginPage.java:24)
at com.actitime.pages.LoginPage.verifyTitle(LoginPage.java:24)
at com.actitime.pages.LoginPage.verifyTitle(LoginPage.java:24)
at com.actitime.pages.LoginPage.verifyTitle(LoginPage.java:24)
at com.actitime.pages.LoginPage.verifyTitle(LoginPage.java:24)
at com.actitime.pages.LoginPage.verifyTitle(LoginPage.java:24)
at com.actitime.pages.LoginPage.verifyTitle(LoginPage.java:24)
at com.actitime.pages.LoginPage.verifyTitle(LoginPage.java:24)
at com.actitime.pages.LoginPage.verifyTitle(LoginPage.java:24)
at com.actitime.pages.LoginPage.verifyTitle(LoginPage.java:24)
at com.actitime.pages.LoginPage.verifyTitle(LoginPage.java:24)
at com.actitime.pages.LoginPage.verifyTitle(LoginPage.java:24)
at com.actitime.pages.LoginPage.verifyTitle(LoginPage.java:24)
at com.actitime.pages.LoginPage.verifyTitle(LoginPage.java:24)
at com.actitime.pages.LoginPage.verifyTitle(LoginPage.java:24)
at com.actitime.pages.LoginPage.verifyTitle(LoginPage.java:24)
at com.actitime.pages.LoginPage.verifyTitle(LoginPage.java:24)
at com.actitime.pages.LoginPage.verifyTitle(LoginPage.java:24)
at com.actitime.pages.LoginPage.verifyTitle(LoginPage.java:24)
at com.actitime.pages.LoginPage.verifyTitle(LoginPage.java:24)
at com.actitime.pages.LoginPage.verifyTitle(LoginPage.java:24)
at com.actitime.pages.LoginPage.verifyTitle(LoginPage.java:24)
at com.actitime.pages.LoginPage.verifyTitle(LoginPage.java:24)
at com.actitime.pages.LoginPage.verifyTitle(LoginPage.java:24)
at com.actitime.pages.LoginPage.verifyTitle(LoginPage.java:24)
at com.actitime.pages.LoginPage.verifyTitle(LoginPage.java:24)
at com.actitime.pages.LoginPage.verifyTitle(LoginPage.java:24)
at com.actitime.pages.LoginPage.verifyTitle(LoginPage.java:24)
at com.actitime.pages.LoginPage.verifyTitle(LoginPage.java:24)
at com.actitime.pages.LoginPage.verifyTitle(LoginPage.java:24)
at com.actitime.pages.LoginPage.verifyTitle(LoginPage.java:24)
at com.actitime.pages.LoginPage.verifyTitle(LoginPage.java:24)
at com.actitime.pages.LoginPage.verifyTitle(LoginPage.java:24)
at com.actitime.pages.LoginPage.verifyTitle(LoginPage.java:24)
at com.actitime.pages.LoginPage.verifyTitle(LoginPage.java:24)
at com.actitime.pages.LoginPage.verifyTitle(LoginPage.java:24)
at com.actitime.pages.LoginPage.verifyTitle(LoginPage.java:24)
at com.actitime.pages.LoginPage.verifyTitle(LoginPage.java:24)
at com.actitime.pages.LoginPage.verifyTitle(LoginPage.java:24)
at com.actitime.pages.LoginPage.verifyTitle(LoginPage.java:24)
at com.actitime.pages.LoginPage.verifyTitle(LoginPage.java:24)
at com.actitime.pages.LoginPage.verifyTitle(LoginPage.java:24)
at com.actitime.pages.LoginPage.verifyTitle(LoginPage.java:24)
at com.actitime.pages.LoginPage.verifyTitle(LoginPage.java:24)
at com.actitime.pages.LoginPage.verifyTitle(LoginPage.java:24)
at com.actitime.pages.LoginPage.verifyTitle(LoginPage.java:24)
at com.actitime.pages.LoginPage.verifyTitle(LoginPage.java:24)
at com.actitime.pages.LoginPage.verifyTitle(LoginPage.java:24)
at com.actitime.pages.LoginPage.verifyTitle(LoginPage.java:24)
at com.actitime.pages.LoginPage.verifyTitle(LoginPage.java:24)
at com.actitime.pages.LoginPage.verifyTitle(LoginPage.java:24)
at com.actitime.pages.LoginPage.verifyTitle(LoginPage.java:24)
at com.actitime.pages.LoginPage.verifyTitle(LoginPage.java:24)
at com.actitime.pages.LoginPage.verifyTitle(LoginPage.java:24)
at com.actitime.pages.LoginPage.verifyTitle(LoginPage.java:24)
at com.actitime.pages.LoginPage.verifyTitle(LoginPage.java:24)
at com.actitime.pages.LoginPage.verifyTitle(LoginPage.java:24)
at com.actitime.pages.LoginPage.verifyTitle(LoginPage.java:24)
at com.actitime.pages.LoginPage.verifyTitle(LoginPage.java:24)
at com.actitime.pages.LoginPage.verifyTitle(LoginPage.java:24)
at com.actitime.pages.LoginPage.verifyTitle(LoginPage.java:24)
at com.actitime.pages.LoginPage.verifyTitle(LoginPage.java:24)
at com.actitime.pages.LoginPage.verifyTitle(LoginPage.java:24)
at com.actitime.pages.LoginPage.verifyTitle(LoginPage.java:24)
at com.actitime.pages.LoginPage.verifyTitle(LoginPage.java:24)
at com.actitime.pages.LoginPage.verifyTitle(LoginPage.java:24)
at com.actitime.pages.LoginPage.verifyTitle(LoginPage.java:24)
at com.actitime.pages.LoginPage.verifyTitle(LoginPage.java:24)
at com.actitime.pages.LoginPage.verifyTitle(LoginPage.java:24)
at com.actitime.pages.LoginPage.verifyTitle(LoginPage.java:24)
at com.actitime.pages.LoginPage.verifyTitle(LoginPage.java:24)
at com.actitime.pages.LoginPage.verifyTitle(LoginPage.java:24)
at com.actitime.pages.LoginPage.verifyTitle(LoginPage.java:24)
at com.actitime.pages.LoginPage.verifyTitle(LoginPage.java:24)
at com.actitime.pages.LoginPage.verifyTitle(LoginPage.java:24)
at com.actitime.pages.LoginPage.verifyTitle(LoginPage.java:24)
at com.actitime.pages.LoginPage.verifyTitle(LoginPage.java:24)
at com.actitime.pages.LoginPage.verifyTitle(LoginPage.java:24)
at com.actitime.pages.LoginPage.verifyTitle(LoginPage.java:24)
at com.actitime.pages.LoginPage.verifyTitle(LoginPage.java:24)
at com.actitime.pages.LoginPage.verifyTitle(LoginPage.java:24)
at com.actitime.pages.LoginPage.verifyTitle(LoginPage.java:24)
at com.actitime.pages.LoginPage.verifyTitle(LoginPage.java:24)
at com.actitime.pages.LoginPage.verifyTitle(LoginPage.java:24)
at com.actitime.pages.LoginPage.verifyTitle(LoginPage.java:24)
at com.actitime.pages.LoginPage.verifyTitle(LoginPage.java:24)
at com.actitime.pages.LoginPage.verifyTitle(LoginPage.java:24)
at com.actitime.pages.LoginPage.verifyTitle(LoginPage.java:24)
at com.actitime.pages.LoginPage.verifyTitle(LoginPage.java:24)
at com.actitime.pages.LoginPage.verifyTitle(LoginPage.java:24)
at com.actitime.pages.LoginPage.verifyTitle(LoginPage.java:24)
at com.actitime.pages.LoginPage.verifyTitle(LoginPage.java:24)
at com.actitime.pages.LoginPage.verifyTitle(LoginPage.java:24)
at com.actitime.pages.LoginPage.verifyTitle(LoginPage.java:24)
at com.actitime.pages.LoginPage.verifyTitle(LoginPage.java:24)
at com.actitime.pages.LoginPage.verifyTitle(LoginPage.java:24)
at com.actitime.pages.LoginPage.verifyTitle(LoginPage.java:24)
at com.actitime.pages.LoginPage.verifyTitle(LoginPage.java:24)
at com.actitime.pages.LoginPage.verifyTitle(LoginPage.java:24)
at com.actitime.pages.LoginPage.verifyTitle(LoginPage.java:24)
at com.actitime.pages.LoginPage.verifyTitle(LoginPage.java:24)
at com.actitime.pages.LoginPage.verifyTitle(LoginPage.java:24)
at com.actitime.pages.LoginPage.verifyTitle(LoginPage.java:24)
at com.actitime.pages.LoginPage.verifyTitle(LoginPage.java:24)
at com.actitime.pages.LoginPage.verifyTitle(LoginPage.java:24)
at com.actitime.pages.LoginPage.verifyTitle(LoginPage.java:24)
at com.actitime.pages.LoginPage.verifyTitle(LoginPage.java:24)
at com.actitime.pages.LoginPage.verifyTitle(LoginPage.java:24)
at com.actitime.pages.LoginPage.verifyTitle(LoginPage.java:24)
at com.actitime.pages.LoginPage.verifyTitle(LoginPage.java:24)
at com.actitime.pages.LoginPage.verifyTitle(LoginPage.java:24)
at com.actitime.pages.LoginPage.verifyTitle(LoginPage.java:24)
at com.actitime.pages.LoginPage.verifyTitle(LoginPage.java:24)
at com.actitime.pages.LoginPage.verifyTitle(LoginPage.java:24)
at com.actitime.pages.LoginPage.verifyTitle(LoginPage.java:24)
at com.actitime.pages.LoginPage.verifyTitle(LoginPage.java:24)
at com.actitime.pages.LoginPage.verifyTitle(LoginPage.java:24)
at com.actitime.pages.LoginPage.verifyTitle(LoginPage.java:24)
at com.actitime.pages.LoginPage.verifyTitle(LoginPage.java:24)
at com.actitime.pages.LoginPage.verifyTitle(LoginPage.java:24)
at com.actitime.pages.LoginPage.verifyTitle(LoginPage.java:24)
at com.actitime.pages.LoginPage.verifyTitle(LoginPage.java:24)
at com.actitime.pages.LoginPage.verifyTitle(LoginPage.java:24)
at com.actitime.pages.LoginPage.verifyTitle(LoginPage.java:24)
at com.actitime.pages.LoginPage.verifyTitle(LoginPage.java:24)
at com.actitime.pages.LoginPage.verifyTitle(LoginPage.java:24)
at com.actitime.pages.LoginPage.verifyTitle(LoginPage.java:24)
at com.actitime.pages.LoginPage.verifyTitle(LoginPage.java:24)
at com.actitime.pages.LoginPage.verifyTitle(LoginPage.java:24)
at com.actitime.pages.LoginPage.verifyTitle(LoginPage.java:24)
at com.actitime.pages.LoginPage.verifyTitle(LoginPage.java:24)
at com.actitime.pages.LoginPage.verifyTitle(LoginPage.java:24)
at com.actitime.pages.LoginPage.verifyTitle(LoginPage.java:24)
at com.actitime.pages.LoginPage.verifyTitle(LoginPage.java:24)
at com.actitime.pages.LoginPage.verifyTitle(LoginPage.java:24)
at com.actitime.pages.LoginPage.verifyTitle(LoginPage.java:24)
at com.actitime.pages.LoginPage.verifyTitle(LoginPage.java:24)
at com.actitime.pages.LoginPage.verifyTitle(LoginPage.java:24)
at com.actitime.pages.LoginPage.verifyTitle(LoginPage.java:24)
at com.actitime.pages.LoginPage.verifyTitle(LoginPage.java:24)
at com.actitime.pages.LoginPage.verifyTitle(LoginPage.java:24)
at com.actitime.pages.LoginPage.verifyTitle(LoginPage.java:24)
at com.actitime.pages.LoginPage.verifyTitle(LoginPage.java:24)
at com.actitime.pages.LoginPage.verifyTitle(LoginPage.java:24)
at com.actitime.pages.LoginPage.verifyTitle(LoginPage.java:24)
at com.actitime.pages.LoginPage.verifyTitle(LoginPage.java:24)
at com.actitime.pages.LoginPage.verifyTitle(LoginPage.java:24)
at com.actitime.pages.LoginPage.verifyTitle(LoginPage.java:24)
at com.actitime.pages.LoginPage.verifyTitle(LoginPage.java:24)
at com.actitime.pages.LoginPage.verifyTitle(LoginPage.java:24)
at com.actitime.pages.LoginPage.verifyTitle(LoginPage.java:24)
at com.actitime.pages.LoginPage.verifyTitle(LoginPage.java:24)
at com.actitime.pages.LoginPage.verifyTitle(LoginPage.java:24)
at com.actitime.pages.LoginPage.verifyTitle(LoginPage.java:24)
at com.actitime.pages.LoginPage.verifyTitle(LoginPage.java:24)
at com.actitime.pages.LoginPage.verifyTitle(LoginPage.java:24)
at com.actitime.pages.LoginPage.verifyTitle(LoginPage.java:24)
at com.actitime.pages.LoginPage.verifyTitle(LoginPage.java:24)
at com.actitime.pages.LoginPage.verifyTitle(LoginPage.java:24)
at com.actitime.pages.LoginPage.verifyTitle(LoginPage.java:24)
at com.actitime.pages.LoginPage.verifyTitle(LoginPage.java:24)
at com.actitime.pages.LoginPage.verifyTitle(LoginPage.java:24)
at com.actitime.pages.LoginPage.verifyTitle(LoginPage.java:24)
at com.actitime.pages.LoginPage.verifyTitle(LoginPage.java:24)
at com.actitime.pages.LoginPage.verifyTitle(LoginPage.java:24)
at com.actitime.pages.LoginPage.verifyTitle(LoginPage.java:24)
at com.actitime.pages.LoginPage.verifyTitle(LoginPage.java:24)
at com.actitime.pages.LoginPage.verifyTitle(LoginPage.java:24)
at com.actitime.pages.LoginPage.verifyTitle(LoginPage.java:24)
at com.actitime.pages.LoginPage.verifyTitle(LoginPage.java:24)
at com.actitime.pages.LoginPage.verifyTitle(LoginPage.java:24)
at com.actitime.pages.LoginPage.verifyTitle(LoginPage.java:24)
at com.actitime.pages.LoginPage.verifyTitle(LoginPage.java:24)
at com.actitime.pages.LoginPage.verifyTitle(LoginPage.java:24)
at com.actitime.pages.LoginPage.verifyTitle(LoginPage.java:24)
at com.actitime.pages.LoginPage.verifyTitle(LoginPage.java:24)
at com.actitime.pages.LoginPage.verifyTitle(LoginPage.java:24)
at com.actitime.pages.LoginPage.verifyTitle(LoginPage.java:24)
at com.actitime.pages.LoginPage.verifyTitle(LoginPage.java:24)
at com.actitime.pages.LoginPage.verifyTitle(LoginPage.java:24)
at com.actitime.pages.LoginPage.verifyTitle(LoginPage.java:24)
at com.actitime.pages.LoginPage.verifyTitle(LoginPage.java:24)
at com.actitime.pages.LoginPage.verifyTitle(LoginPage.java:24)
at com.actitime.pages.LoginPage.verifyTitle(LoginPage.java:24)
at com.actitime.pages.LoginPage.verifyTitle(LoginPage.java:24)
at com.actitime.pages.LoginPage.verifyTitle(LoginPage.java:24)
at com.actitime.pages.LoginPage.verifyTitle(LoginPage.java:24)
at com.actitime.pages.LoginPage.verifyTitle(LoginPage.java:24)
at com.actitime.pages.LoginPage.verifyTitle(LoginPage.java:24)
at com.actitime.pages.LoginPage.verifyTitle(LoginPage.java:24)
at com.actitime.pages.LoginPage.verifyTitle(LoginPage.java:24)
at com.actitime.pages.LoginPage.verifyTitle(LoginPage.java:24)
at com.actitime.pages.LoginPage.verifyTitle(LoginPage.java:24)
at com.actitime.pages.LoginPage.verifyTitle(LoginPage.java:24)
at com.actitime.pages.LoginPage.verifyTitle(LoginPage.java:24)
at com.actitime.pages.LoginPage.verifyTitle(LoginPage.java:24)
at com.actitime.pages.LoginPage.verifyTitle(LoginPage.java:24)
at com.actitime.pages.LoginPage.verifyTitle(LoginPage.java:24)
at com.actitime.pages.LoginPage.verifyTitle(LoginPage.java:24)
at com.actitime.pages.LoginPage.verifyTitle(LoginPage.java:24)
at com.actitime.pages.LoginPage.verifyTitle(LoginPage.java:24)
at com.actitime.pages.LoginPage.verifyTitle(LoginPage.java:24)
at com.actitime.pages.LoginPage.verifyTitle(LoginPage.java:24)
at com.actitime.pages.LoginPage.verifyTitle(LoginPage.java:24)
at com.actitime.pages.LoginPage.verifyTitle(LoginPage.java:24)
at com.actitime.pages.LoginPage.verifyTitle(LoginPage.java:24)
at com.actitime.pages.LoginPage.verifyTitle(LoginPage.java:24)
at com.actitime.pages.LoginPage.verifyTitle(LoginPage.java:24)
at com.actitime.pages.LoginPage.verifyTitle(LoginPage.java:24)
at com.actitime.pages.LoginPage.verifyTitle(LoginPage.java:24)
at com.actitime.pages.LoginPage.verifyTitle(LoginPage.java:24)
at com.actitime.pages.LoginPage.verifyTitle(LoginPage.java:24)
at com.actitime.pages.LoginPage.verifyTitle(LoginPage.java:24)
at com.actitime.pages.LoginPage.verifyTitle(LoginPage.java:24)
at com.actitime.pages.LoginPage.verifyTitle(LoginPage.java:24)
at com.actitime.pages.LoginPage.verifyTitle(LoginPage.java:24)
at com.actitime.pages.LoginPage.verifyTitle(LoginPage.java:24)
at com.actitime.pages.LoginPage.verifyTitle(LoginPage.java:24)
at com.actitime.pages.LoginPage.verifyTitle(LoginPage.java:24)
at com.actitime.pages.LoginPage.verifyTitle(LoginPage.java:24)
at com.actitime.pages.LoginPage.verifyTitle(LoginPage.java:24)
at com.actitime.pages.LoginPage.verifyTitle(LoginPage.java:24)
at com.actitime.pages.LoginPage.verifyTitle(LoginPage.java:24)
at com.actitime.pages.LoginPage.verifyTitle(LoginPage.java:24)
at com.actitime.pages.LoginPage.verifyTitle(LoginPage.java:24)
at com.actitime.pages.LoginPage.verifyTitle(LoginPage.java:24)
at com.actitime.pages.LoginPage.verifyTitle(LoginPage.java:24)
at com.actitime.pages.LoginPage.verifyTitle(LoginPage.java:24)
at com.actitime.pages.LoginPage.verifyTitle(LoginPage.java:24)
at com.actitime.pages.LoginPage.verifyTitle(LoginPage.java:24)
at com.actitime.pages.LoginPage.verifyTitle(LoginPage.java:24)
at com.actitime.pages.LoginPage.verifyTitle(LoginPage.java:24)
at com.actitime.pages.LoginPage.verifyTitle(LoginPage.java:24)
at com.actitime.pages.LoginPage.verifyTitle(LoginPage.java:24)
at com.actitime.pages.LoginPage.verifyTitle(LoginPage.java:24)
at com.actitime.pages.LoginPage.verifyTitle(LoginPage.java:24)
at com.actitime.pages.LoginPage.verifyTitle(LoginPage.java:24)
at com.actitime.pages.LoginPage.verifyTitle(LoginPage.java:24)
at com.actitime.pages.LoginPage.verifyTitle(LoginPage.java:24)
at com.actitime.pages.LoginPage.verifyTitle(LoginPage.java:24)
at com.actitime.pages.LoginPage.verifyTitle(LoginPage.java:24)
at com.actitime.pages.LoginPage.verifyTitle(LoginPage.java:24)
at com.actitime.pages.LoginPage.verifyTitle(LoginPage.java:24)
at com.actitime.pages.LoginPage.verifyTitle(LoginPage.java:24)
at com.actitime.pages.LoginPage.verifyTitle(LoginPage.java:24)
at com.actitime.pages.LoginPage.verifyTitle(LoginPage.java:24)
at com.actitime.pages.LoginPage.verifyTitle(LoginPage.java:24)
at com.actitime.pages.LoginPage.verifyTitle(LoginPage.java:24)
at com.actitime.pages.LoginPage.verifyTitle(LoginPage.java:24)
at com.actitime.pages.LoginPage.verifyTitle(LoginPage.java:24)
at com.actitime.pages.LoginPage.verifyTitle(LoginPage.java:24)
at com.actitime.pages.LoginPage.verifyTitle(LoginPage.java:24)
at com.actitime.pages.LoginPage.verifyTitle(LoginPage.java:24)
at com.actitime.pages.LoginPage.verifyTitle(LoginPage.java:24)
at com.actitime.pages.LoginPage.verifyTitle(LoginPage.java:24)
at com.actitime.pages.LoginPage.verifyTitle(LoginPage.java:24)
at com.actitime.pages.LoginPage.verifyTitle(LoginPage.java:24)
at com.actitime.pages.LoginPage.verifyTitle(LoginPage.java:24)
at com.actitime.pages.LoginPage.verifyTitle(LoginPage.java:24)
at com.actitime.pages.LoginPage.verifyTitle(LoginPage.java:24)
at com.actitime.pages.LoginPage.verifyTitle(LoginPage.java:24)
at com.actitime.pages.LoginPage.verifyTitle(LoginPage.java:24)
at com.actitime.pages.LoginPage.verifyTitle(LoginPage.java:24)
at com.actitime.pages.LoginPage.verifyTitle(LoginPage.java:24)
at com.actitime.pages.LoginPage.verifyTitle(LoginPage.java:24)
at com.actitime.pages.LoginPage.verifyTitle(LoginPage.java:24)
at com.actitime.pages.LoginPage.verifyTitle(LoginPage.java:24)
at com.actitime.pages.LoginPage.verifyTitle(LoginPage.java:24)
at com.actitime.pages.LoginPage.verifyTitle(LoginPage.java:24)
at com.actitime.pages.LoginPage.verifyTitle(LoginPage.java:24)
at com.actitime.pages.LoginPage.verifyTitle(LoginPage.java:24)
at com.actitime.pages.LoginPage.verifyTitle(LoginPage.java:24)
at com.actitime.pages.LoginPage.verifyTitle(LoginPage.java:24)
at com.actitime.pages.LoginPage.verifyTitle(LoginPage.java:24)
at com.actitime.pages.LoginPage.verifyTitle(LoginPage.java:24)
at com.actitime.pages.LoginPage.verifyTitle(LoginPage.java:24)
at com.actitime.pages.LoginPage.verifyTitle(LoginPage.java:24)
at com.actitime.pages.LoginPage.verifyTitle(LoginPage.java:24)
at com.actitime.pages.LoginPage.verifyTitle(LoginPage.java:24)
at com.actitime.pages.LoginPage.verifyTitle(LoginPage.java:24)
at com.actitime.pages.LoginPage.verifyTitle(LoginPage.java:24)
at com.actitime.pages.LoginPage.verifyTitle(LoginPage.java:24)
at com.actitime.pages.LoginPage.verifyTitle(LoginPage.java:24)
at com.actitime.pages.LoginPage.verifyTitle(LoginPage.java:24)
at com.actitime.pages.LoginPage.verifyTitle(LoginPage.java:24)
at com.actitime.pages.LoginPage.verifyTitle(LoginPage.java:24)
at com.actitime.pages.LoginPage.verifyTitle(LoginPage.java:24)
at com.actitime.pages.LoginPage.verifyTitle(LoginPage.java:24)
at com.actitime.pages.LoginPage.verifyTitle(LoginPage.java:24)
at com.actitime.pages.LoginPage.verifyTitle(LoginPage.java:24)
at com.actitime.pages.LoginPage.verifyTitle(LoginPage.java:24)
at com.actitime.pages.LoginPage.verifyTitle(LoginPage.java:24)
at com.actitime.pages.LoginPage.verifyTitle(LoginPage.java:24)
at com.actitime.pages.LoginPage.verifyTitle(LoginPage.java:24)
at com.actitime.pages.LoginPage.verifyTitle(LoginPage.java:24)
at com.actitime.pages.LoginPage.verifyTitle(LoginPage.java:24)
at com.actitime.pages.LoginPage.verifyTitle(LoginPage.java:24)
at com.actitime.pages.LoginPage.verifyTitle(LoginPage.java:24)
at com.actitime.pages.LoginPage.verifyTitle(LoginPage.java:24)
at com.actitime.pages.LoginPage.verifyTitle(LoginPage.java:24)
at com.actitime.pages.LoginPage.verifyTitle(LoginPage.java:24)
at com.actitime.pages.LoginPage.verifyTitle(LoginPage.java:24)
at com.actitime.pages.LoginPage.verifyTitle(LoginPage.java:24)
at com.actitime.pages.LoginPage.verifyTitle(LoginPage.java:24)
at com.actitime.pages.LoginPage.verifyTitle(LoginPage.java:24)
at com.actitime.pages.LoginPage.verifyTitle(LoginPage.java:24)
at com.actitime.pages.LoginPage.verifyTitle(LoginPage.java:24)
at com.actitime.pages.LoginPage.verifyTitle(LoginPage.java:24)
at com.actitime.pages.LoginPage.verifyTitle(LoginPage.java:24)
at com.actitime.pages.LoginPage.verifyTitle(LoginPage.java:24)
at com.actitime.pages.LoginPage.verifyTitle(LoginPage.java:24)
at com.actitime.pages.LoginPage.verifyTitle(LoginPage.java:24)
at com.actitime.pages.LoginPage.verifyTitle(LoginPage.java:24)
at com.actitime.pages.LoginPage.verifyTitle(LoginPage.java:24)
at com.actitime.pages.LoginPage.verifyTitle(LoginPage.java:24)
at com.actitime.pages.LoginPage.verifyTitle(LoginPage.java:24)
at com.actitime.pages.LoginPage.verifyTitle(LoginPage.java:24)
at com.actitime.pages.LoginPage.verifyTitle(LoginPage.java:24)
at com.actitime.pages.LoginPage.verifyTitle(LoginPage.java:24)
at com.actitime.pages.LoginPage.verifyTitle(LoginPage.java:24)
at com.actitime.pages.LoginPage.verifyTitle(LoginPage.java:24)
at com.actitime.pages.LoginPage.verifyTitle(LoginPage.java:24)
at com.actitime.pages.LoginPage.verifyTitle(LoginPage.java:24)
at com.actitime.pages.LoginPage.verifyTitle(LoginPage.java:24)
at com.actitime.pages.LoginPage.verifyTitle(LoginPage.java:24)
at com.actitime.pages.LoginPage.verifyTitle(LoginPage.java:24)
at com.actitime.pages.LoginPage.verifyTitle(LoginPage.java:24)
at com.actitime.pages.LoginPage.verifyTitle(LoginPage.java:24)
at com.actitime.pages.LoginPage.verifyTitle(LoginPage.java:24)
at com.actitime.pages.LoginPage.verifyTitle(LoginPage.java:24)
at com.actitime.pages.LoginPage.verifyTitle(LoginPage.java:24)
at com.actitime.pages.LoginPage.verifyTitle(LoginPage.java:24)
at com.actitime.pages.LoginPage.verifyTitle(LoginPage.java:24)
at com.actitime.pages.LoginPage.verifyTitle(LoginPage.java:24)
at com.actitime.pages.LoginPage.verifyTitle(LoginPage.java:24)
at com.actitime.pages.LoginPage.verifyTitle(LoginPage.java:24)
at com.actitime.pages.LoginPage.verifyTitle(LoginPage.java:24)
at com.actitime.pages.LoginPage.verifyTitle(LoginPage.java:24)
at com.actitime.pages.LoginPage.verifyTitle(LoginPage.java:24)
at com.actitime.pages.LoginPage.verifyTitle(LoginPage.java:24)
at com.actitime.pages.LoginPage.verifyTitle(LoginPage.java:24)
at com.actitime.pages.LoginPage.verifyTitle(LoginPage.java:24)
at com.actitime.pages.LoginPage.verifyTitle(LoginPage.java:24)
at com.actitime.pages.LoginPage.verifyTitle(LoginPage.java:24)
at com.actitime.pages.LoginPage.verifyTitle(LoginPage.java:24)
at com.actitime.pages.LoginPage.verifyTitle(LoginPage.java:24)
at com.actitime.pages.LoginPage.verifyTitle(LoginPage.java:24)
at com.actitime.pages.LoginPage.verifyTitle(LoginPage.java:24)
at com.actitime.pages.LoginPage.verifyTitle(LoginPage.java:24)
at com.actitime.pages.LoginPage.verifyTitle(LoginPage.java:24)
at com.actitime.pages.LoginPage.verifyTitle(LoginPage.java:24)
at com.actitime.pages.LoginPage.verifyTitle(LoginPage.java:24)
at com.actitime.pages.LoginPage.verifyTitle(LoginPage.java:24)
at com.actitime.pages.LoginPage.verifyTitle(LoginPage.java:24)
at com.actitime.pages.LoginPage.verifyTitle(LoginPage.java:24)
at com.actitime.pages.LoginPage.verifyTitle(LoginPage.java:24)
at com.actitime.pages.LoginPage.verifyTitle(LoginPage.java:24)
at com.actitime.pages.LoginPage.verifyTitle(LoginPage.java:24)
at com.actitime.pages.LoginPage.verifyTitle(LoginPage.java:24)
at com.actitime.pages.LoginPage.verifyTitle(LoginPage.java:24)
at com.actitime.pages.LoginPage.verifyTitle(LoginPage.java:24)
at com.actitime.pages.LoginPage.verifyTitle(LoginPage.java:24)
at com.actitime.pages.LoginPage.verifyTitle(LoginPage.java:24)
at com.actitime.pages.LoginPage.verifyTitle(LoginPage.java:24)
at com.actitime.pages.LoginPage.verifyTitle(LoginPage.java:24)
at com.actitime.pages.LoginPage.verifyTitle(LoginPage.java:24)
at com.actitime.pages.LoginPage.verifyTitle(LoginPage.java:24)
at com.actitime.pages.LoginPage.verifyTitle(LoginPage.java:24)
at com.actitime.pages.LoginPage.verifyTitle(LoginPage.java:24)
at com.actitime.pages.LoginPage.verifyTitle(LoginPage.java:24)
at com.actitime.pages.LoginPage.verifyTitle(LoginPage.java:24)
at com.actitime.pages.LoginPage.verifyTitle(LoginPage.java:24)
at com.actitime.pages.LoginPage.verifyTitle(LoginPage.java:24)
at com.actitime.pages.LoginPage.verifyTitle(LoginPage.java:24)
at com.actitime.pages.LoginPage.verifyTitle(LoginPage.java:24)
at com.actitime.pages.LoginPage.verifyTitle(LoginPage.java:24)
at com.actitime.pages.LoginPage.verifyTitle(LoginPage.java:24)
at com.actitime.pages.LoginPage.verifyTitle(LoginPage.java:24)
at com.actitime.pages.LoginPage.verifyTitle(LoginPage.java:24)
at com.actitime.pages.LoginPage.verifyTitle(LoginPage.java:24)
at com.actitime.pages.LoginPage.verifyTitle(LoginPage.java:24)
at com.actitime.pages.LoginPage.verifyTitle(LoginPage.java:24)
at com.actitime.pages.LoginPage.verifyTitle(LoginPage.java:24)
at com.actitime.pages.LoginPage.verifyTitle(LoginPage.java:24)
at com.actitime.pages.LoginPage.verifyTitle(LoginPage.java:24)
at com.actitime.pages.LoginPage.verifyTitle(LoginPage.java:24)
at com.actitime.pages.LoginPage.verifyTitle(LoginPage.java:24)
at com.actitime.pages.LoginPage.verifyTitle(LoginPage.java:24)
at com.actitime.pages.LoginPage.verifyTitle(LoginPage.java:24)
at com.actitime.pages.LoginPage.verifyTitle(LoginPage.java:24)
at com.actitime.pages.LoginPage.verifyTitle(LoginPage.java:24)
at com.actitime.pages.LoginPage.verifyTitle(LoginPage.java:24)
at com.actitime.pages.LoginPage.verifyTitle(LoginPage.java:24)
at com.actitime.pages.LoginPage.verifyTitle(LoginPage.java:24)
at com.actitime.pages.LoginPage.verifyTitle(LoginPage.java:24)
at com.actitime.pages.LoginPage.verifyTitle(LoginPage.java:24)
at com.actitime.pages.LoginPage.verifyTitle(LoginPage.java:24)
at com.actitime.pages.LoginPage.verifyTitle(LoginPage.java:24)
at com.actitime.pages.LoginPage.verifyTitle(LoginPage.java:24)
at com.actitime.pages.LoginPage.verifyTitle(LoginPage.java:24)
at com.actitime.pages.LoginPage.verifyTitle(LoginPage.java:24)
at com.actitime.pages.LoginPage.verifyTitle(LoginPage.java:24)
at com.actitime.pages.LoginPage.verifyTitle(LoginPage.java:24)
at com.actitime.pages.LoginPage.verifyTitle(LoginPage.java:24)
at com.actitime.pages.LoginPage.verifyTitle(LoginPage.java:24)
at com.actitime.pages.LoginPage.verifyTitle(LoginPage.java:24)
at com.actitime.pages.LoginPage.verifyTitle(LoginPage.java:24)
at com.actitime.pages.LoginPage.verifyTitle(LoginPage.java:24)
at com.actitime.pages.LoginPage.verifyTitle(LoginPage.java:24)
at com.actitime.pages.LoginPage.verifyTitle(LoginPage.java:24)
at com.actitime.pages.LoginPage.verifyTitle(LoginPage.java:24)
at com.actitime.pages.LoginPage.verifyTitle(LoginPage.java:24)
at com.actitime.pages.LoginPage.verifyTitle(LoginPage.java:24)
at com.actitime.pages.LoginPage.verifyTitle(LoginPage.java:24)
at com.actitime.pages.LoginPage.verifyTitle(LoginPage.java:24)
at com.actitime.pages.LoginPage.verifyTitle(LoginPage.java:24)
at com.actitime.pages.LoginPage.verifyTitle(LoginPage.java:24)
at com.actitime.pages.LoginPage.verifyTitle(LoginPage.java:24)
at com.actitime.pages.LoginPage.verifyTitle(LoginPage.java:24)
at com.actitime.pages.LoginPage.verifyTitle(LoginPage.java:24)
at com.actitime.pages.LoginPage.verifyTitle(LoginPage.java:24)
at com.actitime.pages.LoginPage.verifyTitle(LoginPage.java:24)
at com.actitime.pages.LoginPage.verifyTitle(LoginPage.java:24)
at com.actitime.pages.LoginPage.verifyTitle(LoginPage.java:24)
at com.actitime.pages.LoginPage.verifyTitle(LoginPage.java:24)
at com.actitime.pages.LoginPage.verifyTitle(LoginPage.java:24)
at com.actitime.pages.LoginPage.verifyTitle(LoginPage.java:24)
at com.actitime.pages.LoginPage.verifyTitle(LoginPage.java:24)
at com.actitime.pages.LoginPage.verifyTitle(LoginPage.java:24)
at com.actitime.pages.LoginPage.verifyTitle(LoginPage.java:24)
at com.actitime.pages.LoginPage.verifyTitle(LoginPage.java:24)
at com.actitime.pages.LoginPage.verifyTitle(LoginPage.java:24)
at com.actitime.pages.LoginPage.verifyTitle(LoginPage.java:24)
at com.actitime.pages.LoginPage.verifyTitle(LoginPage.java:24)
at com.actitime.pages.LoginPage.verifyTitle(LoginPage.java:24)
at com.actitime.pages.LoginPage.verifyTitle(LoginPage.java:24)
at com.actitime.pages.LoginPage.verifyTitle(LoginPage.java:24)
at com.actitime.pages.LoginPage.verifyTitle(LoginPage.java:24)
at com.actitime.pages.LoginPage.verifyTitle(LoginPage.java:24)
at com.actitime.pages.LoginPage.verifyTitle(LoginPage.java:24)
at com.actitime.pages.LoginPage.verifyTitle(LoginPage.java:24)
at com.actitime.pages.LoginPage.verifyTitle(LoginPage.java:24)
at com.actitime.pages.LoginPage.verifyTitle(LoginPage.java:24)
at com.actitime.pages.LoginPage.verifyTitle(LoginPage.java:24)
at com.actitime.pages.LoginPage.verifyTitle(LoginPage.java:24)
at com.actitime.pages.LoginPage.verifyTitle(LoginPage.java:24)
at com.actitime.pages.LoginPage.verifyTitle(LoginPage.java:24)
at com.actitime.pages.LoginPage.verifyTitle(LoginPage.java:24)
at com.actitime.pages.LoginPage.verifyTitle(LoginPage.java:24)
at com.actitime.pages.LoginPage.verifyTitle(LoginPage.java:24)
at com.actitime.pages.LoginPage.verifyTitle(LoginPage.java:24)
at com.actitime.pages.LoginPage.verifyTitle(LoginPage.java:24)
at com.actitime.pages.LoginPage.verifyTitle(LoginPage.java:24)
at com.actitime.pages.LoginPage.verifyTitle(LoginPage.java:24)
at com.actitime.pages.LoginPage.verifyTitle(LoginPage.java:24)
at com.actitime.pages.LoginPage.verifyTitle(LoginPage.java:24)
at com.actitime.pages.LoginPage.verifyTitle(LoginPage.java:24)
at com.actitime.pages.LoginPage.verifyTitle(LoginPage.java:24)
at com.actitime.pages.LoginPage.verifyTitle(LoginPage.java:24)
at com.actitime.pages.LoginPage.verifyTitle(LoginPage.java:24)
at com.actitime.pages.LoginPage.verifyTitle(LoginPage.java:24)
at com.actitime.pages.LoginPage.verifyTitle(LoginPage.java:24)
at com.actitime.pages.LoginPage.verifyTitle(LoginPage.java:24)
at com.actitime.pages.LoginPage.verifyTitle(LoginPage.java:24)
at com.actitime.pages.LoginPage.verifyTitle(LoginPage.java:24)
at com.actitime.pages.LoginPage.verifyTitle(LoginPage.java:24)
at com.actitime.pages.LoginPage.verifyTitle(LoginPage.java:24)
at com.actitime.pages.LoginPage.verifyTitle(LoginPage.java:24)
at com.actitime.pages.LoginPage.verifyTitle(LoginPage.java:24)
at com.actitime.pages.LoginPage.verifyTitle(LoginPage.java:24)
at com.actitime.pages.LoginPage.verifyTitle(LoginPage.java:24)
at com.actitime.pages.LoginPage.verifyTitle(LoginPage.java:24)
at com.actitime.pages.LoginPage.verifyTitle(LoginPage.java:24)
at com.actitime.pages.LoginPage.verifyTitle(LoginPage.java:24)
at com.actitime.pages.LoginPage.verifyTitle(LoginPage.java:24)
at com.actitime.pages.LoginPage.verifyTitle(LoginPage.java:24)
at com.actitime.pages.LoginPage.verifyTitle(LoginPage.java:24)
at com.actitime.pages.LoginPage.verifyTitle(LoginPage.java:24)
at com.actitime.pages.LoginPage.verifyTitle(LoginPage.java:24)
at com.actitime.pages.LoginPage.verifyTitle(LoginPage.java:24)
at com.actitime.pages.LoginPage.verifyTitle(LoginPage.java:24)
at com.actitime.pages.LoginPage.verifyTitle(LoginPage.java:24)
at com.actitime.pages.LoginPage.verifyTitle(LoginPage.java:24)
at com.actitime.pages.LoginPage.verifyTitle(LoginPage.java:24)
at com.actitime.pages.LoginPage.verifyTitle(LoginPage.java:24)
at com.actitime.pages.LoginPage.verifyTitle(LoginPage.java:24)
at com.actitime.pages.LoginPage.verifyTitle(LoginPage.java:24)
at com.actitime.pages.LoginPage.verifyTitle(LoginPage.java:24)
at com.actitime.pages.LoginPage.verifyTitle(LoginPage.java:24)
at com.actitime.pages.LoginPage.verifyTitle(LoginPage.java:24)
at com.actitime.pages.LoginPage.verifyTitle(LoginPage.java:24)
at com.actitime.pages.LoginPage.verifyTitle(LoginPage.java:24)
at com.actitime.pages.LoginPage.verifyTitle(LoginPage.java:24)
at com.actitime.pages.LoginPage.verifyTitle(LoginPage.java:24)
at com.actitime.pages.LoginPage.verifyTitle(LoginPage.java:24)
at com.actitime.pages.LoginPage.verifyTitle(LoginPage.java:24)
at com.actitime.pages.LoginPage.verifyTitle(LoginPage.java:24)
at com.actitime.pages.LoginPage.verifyTitle(LoginPage.java:24)
at com.actitime.pages.LoginPage.verifyTitle(LoginPage.java:24)
at com.actitime.pages.LoginPage.verifyTitle(LoginPage.java:24)
at com.actitime.pages.LoginPage.verifyTitle(LoginPage.java:24)
at com.actitime.pages.LoginPage.verifyTitle(LoginPage.java:24)
at com.actitime.pages.LoginPage.verifyTitle(LoginPage.java:24)
at com.actitime.pages.LoginPage.verifyTitle(LoginPage.java:24)
at com.actitime.pages.LoginPage.verifyTitle(LoginPage.java:24)
at com.actitime.pages.LoginPage.verifyTitle(LoginPage.java:24)
at com.actitime.pages.LoginPage.verifyTitle(LoginPage.java:24)
at com.actitime.pages.LoginPage.verifyTitle(LoginPage.java:24)
at com.actitime.pages.LoginPage.verifyTitle(LoginPage.java:24)
at com.actitime.pages.LoginPage.verifyTitle(LoginPage.java:24)
at com.actitime.pages.LoginPage.verifyTitle(LoginPage.java:24)
at com.actitime.pages.LoginPage.verifyTitle(LoginPage.java:24)
at com.actitime.pages.LoginPage.verifyTitle(LoginPage.java:24)
at com.actitime.pages.LoginPage.verifyTitle(LoginPage.java:24)
at com.actitime.pages.LoginPage.verifyTitle(LoginPage.java:24)
at com.actitime.pages.LoginPage.verifyTitle(LoginPage.java:24)
at com.actitime.pages.LoginPage.verifyTitle(LoginPage.java:24)
at com.actitime.pages.LoginPage.verifyTitle(LoginPage.java:24)
at com.actitime.pages.LoginPage.verifyTitle(LoginPage.java:24)
at com.actitime.pages.LoginPage.verifyTitle(LoginPage.java:24)
at com.actitime.pages.LoginPage.verifyTitle(LoginPage.java:24)
at com.actitime.pages.LoginPage.verifyTitle(LoginPage.java:24)
at com.actitime.pages.LoginPage.verifyTitle(LoginPage.java:24)
at com.actitime.pages.LoginPage.verifyTitle(LoginPage.java:24)
at com.actitime.pages.LoginPage.verifyTitle(LoginPage.java:24)
at com.actitime.pages.LoginPage.verifyTitle(LoginPage.java:24)
at com.actitime.pages.LoginPage.verifyTitle(LoginPage.java:24)
at com.actitime.pages.LoginPage.verifyTitle(LoginPage.java:24)
at com.actitime.pages.LoginPage.verifyTitle(LoginPage.java:24)
at com.actitime.pages.LoginPage.verifyTitle(LoginPage.java:24)
at com.actitime.pages.LoginPage.verifyTitle(LoginPage.java:24)
at com.actitime.pages.LoginPage.verifyTitle(LoginPage.java:24)
at com.actitime.pages.LoginPage.verifyTitle(LoginPage.java:24)
at com.actitime.pages.LoginPage.verifyTitle(LoginPage.java:24)
at com.actitime.pages.LoginPage.verifyTitle(LoginPage.java:24)
at com.actitime.pages.LoginPage.verifyTitle(LoginPage.java:24)
at com.actitime.pages.LoginPage.verifyTitle(LoginPage.java:24)
at com.actitime.pages.LoginPage.verifyTitle(LoginPage.java:24)
at com.actitime.pages.LoginPage.verifyTitle(LoginPage.java:24)
at com.actitime.pages.LoginPage.verifyTitle(LoginPage.java:24)
at com.actitime.pages.LoginPage.verifyTitle(LoginPage.java:24)
at com.actitime.pages.LoginPage.verifyTitle(LoginPage.java:24)
at com.actitime.pages.LoginPage.verifyTitle(LoginPage.java:24)
at com.actitime.pages.LoginPage.verifyTitle(LoginPage.java:24)
at com.actitime.pages.LoginPage.verifyTitle(LoginPage.java:24)
at com.actitime.pages.LoginPage.verifyTitle(LoginPage.java:24)
at com.actitime.pages.LoginPage.verifyTitle(LoginPage.java:24)
at com.actitime.pages.LoginPage.verifyTitle(LoginPage.java:24)
at com.actitime.pages.LoginPage.verifyTitle(LoginPage.java:24)
at com.actitime.pages.LoginPage.verifyTitle(LoginPage.java:24)
at com.actitime.pages.LoginPage.verifyTitle(LoginPage.java:24)
at com.actitime.pages.LoginPage.verifyTitle(LoginPage.java:24)
at com.actitime.pages.LoginPage.verifyTitle(LoginPage.java:24)
at com.actitime.pages.LoginPage.verifyTitle(LoginPage.java:24)
at com.actitime.pages.LoginPage.verifyTitle(LoginPage.java:24)
at com.actitime.pages.LoginPage.verifyTitle(LoginPage.java:24)
at com.actitime.pages.LoginPage.verifyTitle(LoginPage.java:24)
at com.actitime.pages.LoginPage.verifyTitle(LoginPage.java:24)
at com.actitime.pages.LoginPage.verifyTitle(LoginPage.java:24)
at com.actitime.pages.LoginPage.verifyTitle(LoginPage.java:24)
at com.actitime.pages.LoginPage.verifyTitle(LoginPage.java:24)
at com.actitime.pages.LoginPage.verifyTitle(LoginPage.java:24)
at com.actitime.pages.LoginPage.verifyTitle(LoginPage.java:24)
at com.actitime.pages.LoginPage.verifyTitle(LoginPage.java:24)
at com.actitime.pages.LoginPage.verifyTitle(LoginPage.java:24)
at com.actitime.pages.LoginPage.verifyTitle(LoginPage.java:24)
at com.actitime.pages.LoginPage.verifyTitle(LoginPage.java:24)
at com.actitime.pages.LoginPage.verifyTitle(LoginPage.java:24)
at com.actitime.pages.LoginPage.verifyTitle(LoginPage.java:24)
at com.actitime.pages.LoginPage.verifyTitle(LoginPage.java:24)
at com.actitime.pages.LoginPage.verifyTitle(LoginPage.java:24)
at com.actitime.pages.LoginPage.verifyTitle(LoginPage.java:24)
at com.actitime.pages.LoginPage.verifyTitle(LoginPage.java:24)
at com.actitime.pages.LoginPage.verifyTitle(LoginPage.java:24)
at com.actitime.pages.LoginPage.verifyTitle(LoginPage.java:24)
at com.actitime.pages.LoginPage.verifyTitle(LoginPage.java:24)
at com.actitime.pages.LoginPage.verifyTitle(LoginPage.java:24)
at com.actitime.pages.LoginPage.verifyTitle(LoginPage.java:24)
at com.actitime.pages.LoginPage.verifyTitle(LoginPage.java:24)
at com.actitime.pages.LoginPage.verifyTitle(LoginPage.java:24)
]]>
    </error>
  </testcase> <!-- testVerifyVersion -->
</testsuite> <!-- com.actitime.tests.VerifyVersionTest -->
