<?xml version="1.0" encoding="UTF-8"?>
<!-- Generated by org.testng.reporters.JUnitReportReporter -->
<testsuite skipped="0" hostname="SumaiyaNaghma" name="com.actitime.tests.ValidLoginLogoutTest" tests="1" failures="0" timestamp="25 Jul 2018 15:16:05 GMT" time="59.547" errors="1">
  <testcase name="testValidLoginLogout" time="59.547" classname="com.actitime.tests.ValidLoginLogoutTest">
    <error type="java.lang.StackOverflowError">
      <![CDATA[java.lang.StackOverflowError
at com.actitime.pages.LoginPage.verifyTitle(LoginPage.java:24)
at com.actitime.pages.LoginPage.verifyTitle(LoginPage.java:24)
at com.actitime.pages.LoginPage.verifyTitle(LoginPage.java:24)
at com.actitime.pages.LoginPage.verifyTitle(LoginPage.java:24)
at com.actitime.pages.LoginPage.verifyTitle(LoginPage.java:24)
at com.actitime.pages.LoginPage.verifyTitle(LoginPage.java:24)
at com.actitime.pages.LoginPage.verifyTitle(LoginPage.java:24)
at com.actitime.pages.LoginPage.verifyTitle(LoginPage.java:24)
at com.actitime.pages.LoginPage.verifyTitle(LoginPage.java:24)
at com.actitime.pages.LoginPage.verifyTitle(LoginPage.java:24)
at com.actitime.pages.LoginPage.verifyTitle(LoginPage.java:24)
at com.actitime.pages.LoginPage.verifyTitle(LoginPage.java:24)
at com.actitime.pages.LoginPage.verifyTitle(LoginPage.java:24)
at com.actitime.pages.LoginPage.verifyTitle(LoginPage.java:24)
at com.actitime.pages.LoginPage.verifyTitle(LoginPage.java:24)
at com.actitime.pages.LoginPage.verifyTitle(LoginPage.java:24)
at com.actitime.pages.LoginPage.verifyTitle(LoginPage.java:24)
at com.actitime.pages.LoginPage.verifyTitle(LoginPage.java:24)
at com.actitime.pages.LoginPage.verifyTitle(LoginPage.java:24)
at com.actitime.pages.LoginPage.verifyTitle(LoginPage.java:24)
at com.actitime.pages.LoginPage.verifyTitle(LoginPage.java:24)
at com.actitime.pages.LoginPage.verifyTitle(LoginPage.java:24)
at com.actitime.pages.LoginPage.verifyTitle(LoginPage.java:24)
at com.actitime.pages.LoginPage.verifyTitle(LoginPage.java:24)
at com.actitime.pages.LoginPage.verifyTitle(LoginPage.java:24)
at com.actitime.pages.LoginPage.verifyTitle(LoginPage.java:24)
at com.actitime.pages.LoginPage.verifyTitle(LoginPage.java:24)
at com.actitime.pages.LoginPage.verifyTitle(LoginPage.java:24)
at com.actitime.pages.LoginPage.verifyTitle(LoginPage.java:24)
at com.actitime.pages.LoginPage.verifyTitle(LoginPage.java:24)
at com.actitime.pages.LoginPage.verifyTitle(LoginPage.java:24)
at com.actitime.pages.LoginPage.verifyTitle(LoginPage.java:24)
at com.actitime.pages.LoginPage.verifyTitle(LoginPage.java:24)
at com.actitime.pages.LoginPage.verifyTitle(LoginPage.java:24)
at com.actitime.pages.LoginPage.verifyTitle(LoginPage.java:24)
at com.actitime.pages.LoginPage.verifyTitle(LoginPage.java:24)
at com.actitime.pages.LoginPage.verifyTitle(LoginPage.java:24)
at com.actitime.pages.LoginPage.verifyTitle(LoginPage.java:24)
at com.actitime.pages.LoginPage.verifyTitle(LoginPage.java:24)
at com.actitime.pages.LoginPage.verifyTitle(LoginPage.java:24)
at com.actitime.pages.LoginPage.verifyTitle(LoginPage.java:24)
at com.actitime.pages.LoginPage.verifyTitle(LoginPage.java:24)
at com.actitime.pages.LoginPage.verifyTitle(LoginPage.java:24)
at com.actitime.pages.LoginPage.verifyTitle(LoginPage.java:24)
at com.actitime.pages.LoginPage.verifyTitle(LoginPage.java:24)
at com.actitime.pages.LoginPage.verifyTitle(LoginPage.java:24)
at com.actitime.pages.LoginPage.verifyTitle(LoginPage.java:24)
at com.actitime.pages.LoginPage.verifyTitle(LoginPage.java:24)
at com.actitime.pages.LoginPage.verifyTitle(LoginPage.java:24)
at com.actitime.pages.LoginPage.verifyTitle(LoginPage.java:24)
at com.actitime.pages.LoginPage.verifyTitle(LoginPage.java:24)
at com.actitime.pages.LoginPage.verifyTitle(LoginPage.java:24)
at com.actitime.pages.LoginPage.verifyTitle(LoginPage.java:24)
at com.actitime.pages.LoginPage.verifyTitle(LoginPage.java:24)
at com.actitime.pages.LoginPage.verifyTitle(LoginPage.java:24)
at com.actitime.pages.LoginPage.verifyTitle(LoginPage.java:24)
at com.actitime.pages.LoginPage.verifyTitle(LoginPage.java:24)
at com.actitime.pages.LoginPage.verifyTitle(LoginPage.java:24)
at com.actitime.pages.LoginPage.verifyTitle(LoginPage.java:24)
at com.actitime.pages.LoginPage.verifyTitle(LoginPage.java:24)
at com.actitime.pages.LoginPage.verifyTitle(LoginPage.java:24)
at com.actitime.pages.LoginPage.verifyTitle(LoginPage.java:24)
at com.actitime.pages.LoginPage.verifyTitle(LoginPage.java:24)
at com.actitime.pages.LoginPage.verifyTitle(LoginPage.java:24)
at com.actitime.pages.LoginPage.verifyTitle(LoginPage.java:24)
at com.actitime.pages.LoginPage.verifyTitle(LoginPage.java:24)
at com.actitime.pages.LoginPage.verifyTitle(LoginPage.java:24)
at com.actitime.pages.LoginPage.verifyTitle(LoginPage.java:24)
at com.actitime.pages.LoginPage.verifyTitle(LoginPage.java:24)
at com.actitime.pages.LoginPage.verifyTitle(LoginPage.java:24)
at com.actitime.pages.LoginPage.verifyTitle(LoginPage.java:24)
at com.actitime.pages.LoginPage.verifyTitle(LoginPage.java:24)
at com.actitime.pages.LoginPage.verifyTitle(LoginPage.java:24)
at com.actitime.pages.LoginPage.verifyTitle(LoginPage.java:24)
at com.actitime.pages.LoginPage.verifyTitle(LoginPage.java:24)
at com.actitime.pages.LoginPage.verifyTitle(LoginPage.java:24)
at com.actitime.pages.LoginPage.verifyTitle(LoginPage.java:24)
at com.actitime.pages.LoginPage.verifyTitle(LoginPage.java:24)
at com.actitime.pages.LoginPage.verifyTitle(LoginPage.java:24)
at com.actitime.pages.LoginPage.verifyTitle(LoginPage.java:24)
at com.actitime.pages.LoginPage.verifyTitle(LoginPage.java:24)
at com.actitime.pages.LoginPage.verifyTitle(LoginPage.java:24)
at com.actitime.pages.LoginPage.verifyTitle(LoginPage.java:24)
at com.actitime.pages.LoginPage.verifyTitle(LoginPage.java:24)
at com.actitime.pages.LoginPage.verifyTitle(LoginPage.java:24)
at com.actitime.pages.LoginPage.verifyTitle(LoginPage.java:24)
at com.actitime.pages.LoginPage.verifyTitle(LoginPage.java:24)
at com.actitime.pages.LoginPage.verifyTitle(LoginPage.java:24)
at com.actitime.pages.LoginPage.verifyTitle(LoginPage.java:24)
at com.actitime.pages.LoginPage.verifyTitle(LoginPage.java:24)
at com.actitime.pages.LoginPage.verifyTitle(LoginPage.java:24)
at com.actitime.pages.LoginPage.verifyTitle(LoginPage.java:24)
at com.actitime.pages.LoginPage.verifyTitle(LoginPage.java:24)
at com.actitime.pages.LoginPage.verifyTitle(LoginPage.java:24)
at com.actitime.pages.LoginPage.verifyTitle(LoginPage.java:24)
at com.actitime.pages.LoginPage.verifyTitle(LoginPage.java:24)
at com.actitime.pages.LoginPage.verifyTitle(LoginPage.java:24)
at com.actitime.pages.LoginPage.verifyTitle(LoginPage.java:24)
at com.actitime.pages.LoginPage.verifyTitle(LoginPage.java:24)
at com.actitime.pages.LoginPage.verifyTitle(LoginPage.java:24)
at com.actitime.pages.LoginPage.verifyTitle(LoginPage.java:24)
at com.actitime.pages.LoginPage.verifyTitle(LoginPage.java:24)
at com.actitime.pages.LoginPage.verifyTitle(LoginPage.java:24)
at com.actitime.pages.LoginPage.verifyTitle(LoginPage.java:24)
at com.actitime.pages.LoginPage.verifyTitle(LoginPage.java:24)
at com.actitime.pages.LoginPage.verifyTitle(LoginPage.java:24)
at com.actitime.pages.LoginPage.verifyTitle(LoginPage.java:24)
at com.actitime.pages.LoginPage.verifyTitle(LoginPage.java:24)
at com.actitime.pages.LoginPage.verifyTitle(LoginPage.java:24)
at com.actitime.pages.LoginPage.verifyTitle(LoginPage.java:24)
at com.actitime.pages.LoginPage.verifyTitle(LoginPage.java:24)
at com.actitime.pages.LoginPage.verifyTitle(LoginPage.java:24)
at com.actitime.pages.LoginPage.verifyTitle(LoginPage.java:24)
at com.actitime.pages.LoginPage.verifyTitle(LoginPage.java:24)
at com.actitime.pages.LoginPage.verifyTitle(LoginPage.java:24)
at com.actitime.pages.LoginPage.verifyTitle(LoginPage.java:24)
at com.actitime.pages.LoginPage.verifyTitle(LoginPage.java:24)
at com.actitime.pages.LoginPage.verifyTitle(LoginPage.java:24)
at com.actitime.pages.LoginPage.verifyTitle(LoginPage.java:24)
at com.actitime.pages.LoginPage.verifyTitle(LoginPage.java:24)
at com.actitime.pages.LoginPage.verifyTitle(LoginPage.java:24)
at com.actitime.pages.LoginPage.verifyTitle(LoginPage.java:24)
at com.actitime.pages.LoginPage.verifyTitle(LoginPage.java:24)
at com.actitime.pages.LoginPage.verifyTitle(LoginPage.java:24)
at com.actitime.pages.LoginPage.verifyTitle(LoginPage.java:24)
at com.actitime.pages.LoginPage.verifyTitle(LoginPage.java:24)
at com.actitime.pages.LoginPage.verifyTitle(LoginPage.java:24)
at com.actitime.pages.LoginPage.verifyTitle(LoginPage.java:24)
at com.actitime.pages.LoginPage.verifyTitle(LoginPage.java:24)
at com.actitime.pages.LoginPage.verifyTitle(LoginPage.java:24)
at com.actitime.pages.LoginPage.verifyTitle(LoginPage.java:24)
at com.actitime.pages.LoginPage.verifyTitle(LoginPage.java:24)
at com.actitime.pages.LoginPage.verifyTitle(LoginPage.java:24)
at com.actitime.pages.LoginPage.verifyTitle(LoginPage.java:24)
at com.actitime.pages.LoginPage.verifyTitle(LoginPage.java:24)
at com.actitime.pages.LoginPage.verifyTitle(LoginPage.java:24)
at com.actitime.pages.LoginPage.verifyTitle(LoginPage.java:24)
at com.actitime.pages.LoginPage.verifyTitle(LoginPage.java:24)
at com.actitime.pages.LoginPage.verifyTitle(LoginPage.java:24)
at com.actitime.pages.LoginPage.verifyTitle(LoginPage.java:24)
at com.actitime.pages.LoginPage.verifyTitle(LoginPage.java:24)
at com.actitime.pages.LoginPage.verifyTitle(LoginPage.java:24)
at com.actitime.pages.LoginPage.verifyTitle(LoginPage.java:24)
at com.actitime.pages.LoginPage.verifyTitle(LoginPage.java:24)
at com.actitime.pages.LoginPage.verifyTitle(LoginPage.java:24)
at com.actitime.pages.LoginPage.verifyTitle(LoginPage.java:24)
at com.actitime.pages.LoginPage.verifyTitle(LoginPage.java:24)
at com.actitime.pages.LoginPage.verifyTitle(LoginPage.java:24)
at com.actitime.pages.LoginPage.verifyTitle(LoginPage.java:24)
at com.actitime.pages.LoginPage.verifyTitle(LoginPage.java:24)
at com.actitime.pages.LoginPage.verifyTitle(LoginPage.java:24)
at com.actitime.pages.LoginPage.verifyTitle(LoginPage.java:24)
at com.actitime.pages.LoginPage.verifyTitle(LoginPage.java:24)
at com.actitime.pages.LoginPage.verifyTitle(LoginPage.java:24)
at com.actitime.pages.LoginPage.verifyTitle(LoginPage.java:24)
at com.actitime.pages.LoginPage.verifyTitle(LoginPage.java:24)
at com.actitime.pages.LoginPage.verifyTitle(LoginPage.java:24)
at com.actitime.pages.LoginPage.verifyTitle(LoginPage.java:24)
at com.actitime.pages.LoginPage.verifyTitle(LoginPage.java:24)
at com.actitime.pages.LoginPage.verifyTitle(LoginPage.java:24)
at com.actitime.pages.LoginPage.verifyTitle(LoginPage.java:24)
at com.actitime.pages.LoginPage.verifyTitle(LoginPage.java:24)
at com.actitime.pages.LoginPage.verifyTitle(LoginPage.java:24)
at com.actitime.pages.LoginPage.verifyTitle(LoginPage.java:24)
at com.actitime.pages.LoginPage.verifyTitle(LoginPage.java:24)
at com.actitime.pages.LoginPage.verifyTitle(LoginPage.java:24)
at com.actitime.pages.LoginPage.verifyTitle(LoginPage.java:24)
at com.actitime.pages.LoginPage.verifyTitle(LoginPage.java:24)
at com.actitime.pages.LoginPage.verifyTitle(LoginPage.java:24)
at com.actitime.pages.LoginPage.verifyTitle(LoginPage.java:24)
at com.actitime.pages.LoginPage.verifyTitle(LoginPage.java:24)
at com.actitime.pages.LoginPage.verifyTitle(LoginPage.java:24)
at com.actitime.pages.LoginPage.verifyTitle(LoginPage.java:24)
at com.actitime.pages.LoginPage.verifyTitle(LoginPage.java:24)
at com.actitime.pages.LoginPage.verifyTitle(LoginPage.java:24)
at com.actitime.pages.LoginPage.verifyTitle(LoginPage.java:24)
at com.actitime.pages.LoginPage.verifyTitle(LoginPage.java:24)
at com.actitime.pages.LoginPage.verifyTitle(LoginPage.java:24)
at com.actitime.pages.LoginPage.verifyTitle(LoginPage.java:24)
at com.actitime.pages.LoginPage.verifyTitle(LoginPage.java:24)
at com.actitime.pages.LoginPage.verifyTitle(LoginPage.java:24)
at com.actitime.pages.LoginPage.verifyTitle(LoginPage.java:24)
at com.actitime.pages.LoginPage.verifyTitle(LoginPage.java:24)
at com.actitime.pages.LoginPage.verifyTitle(LoginPage.java:24)
at com.actitime.pages.LoginPage.verifyTitle(LoginPage.java:24)
at com.actitime.pages.LoginPage.verifyTitle(LoginPage.java:24)
at com.actitime.pages.LoginPage.verifyTitle(LoginPage.java:24)
at com.actitime.pages.LoginPage.verifyTitle(LoginPage.java:24)
at com.actitime.pages.LoginPage.verifyTitle(LoginPage.java:24)
at com.actitime.pages.LoginPage.verifyTitle(LoginPage.java:24)
at com.actitime.pages.LoginPage.verifyTitle(LoginPage.java:24)
at com.actitime.pages.LoginPage.verifyTitle(LoginPage.java:24)
at com.actitime.pages.LoginPage.verifyTitle(LoginPage.java:24)
at com.actitime.pages.LoginPage.verifyTitle(LoginPage.java:24)
at com.actitime.pages.LoginPage.verifyTitle(LoginPage.java:24)
at com.actitime.pages.LoginPage.verifyTitle(LoginPage.java:24)
at com.actitime.pages.LoginPage.verifyTitle(LoginPage.java:24)
at com.actitime.pages.LoginPage.verifyTitle(LoginPage.java:24)
at com.actitime.pages.LoginPage.verifyTitle(LoginPage.java:24)
at com.actitime.pages.LoginPage.verifyTitle(LoginPage.java:24)
at com.actitime.pages.LoginPage.verifyTitle(LoginPage.java:24)
at com.actitime.pages.LoginPage.verifyTitle(LoginPage.java:24)
at com.actitime.pages.LoginPage.verifyTitle(LoginPage.java:24)
at com.actitime.pages.LoginPage.verifyTitle(LoginPage.java:24)
at com.actitime.pages.LoginPage.verifyTitle(LoginPage.java:24)
at com.actitime.pages.LoginPage.verifyTitle(LoginPage.java:24)
at com.actitime.pages.LoginPage.verifyTitle(LoginPage.java:24)
at com.actitime.pages.LoginPage.verifyTitle(LoginPage.java:24)
at com.actitime.pages.LoginPage.verifyTitle(LoginPage.java:24)
at com.actitime.pages.LoginPage.verifyTitle(LoginPage.java:24)
at com.actitime.pages.LoginPage.verifyTitle(LoginPage.java:24)
at com.actitime.pages.LoginPage.verifyTitle(LoginPage.java:24)
at com.actitime.pages.LoginPage.verifyTitle(LoginPage.java:24)
at com.actitime.pages.LoginPage.verifyTitle(LoginPage.java:24)
at com.actitime.pages.LoginPage.verifyTitle(LoginPage.java:24)
at com.actitime.pages.LoginPage.verifyTitle(LoginPage.java:24)
at com.actitime.pages.LoginPage.verifyTitle(LoginPage.java:24)
at com.actitime.pages.LoginPage.verifyTitle(LoginPage.java:24)
at com.actitime.pages.LoginPage.verifyTitle(LoginPage.java:24)
at com.actitime.pages.LoginPage.verifyTitle(LoginPage.java:24)
at com.actitime.pages.LoginPage.verifyTitle(LoginPage.java:24)
at com.actitime.pages.LoginPage.verifyTitle(LoginPage.java:24)
at com.actitime.pages.LoginPage.verifyTitle(LoginPage.java:24)
at com.actitime.pages.LoginPage.verifyTitle(LoginPage.java:24)
at com.actitime.pages.LoginPage.verifyTitle(LoginPage.java:24)
at com.actitime.pages.LoginPage.verifyTitle(LoginPage.java:24)
at com.actitime.pages.LoginPage.verifyTitle(LoginPage.java:24)
at com.actitime.pages.LoginPage.verifyTitle(LoginPage.java:24)
at com.actitime.pages.LoginPage.verifyTitle(LoginPage.java:24)
at com.actitime.pages.LoginPage.verifyTitle(LoginPage.java:24)
at com.actitime.pages.LoginPage.verifyTitle(LoginPage.java:24)
at com.actitime.pages.LoginPage.verifyTitle(LoginPage.java:24)
at com.actitime.pages.LoginPage.verifyTitle(LoginPage.java:24)
at com.actitime.pages.LoginPage.verifyTitle(LoginPage.java:24)
at com.actitime.pages.LoginPage.verifyTitle(LoginPage.java:24)
at com.actitime.pages.LoginPage.verifyTitle(LoginPage.java:24)
at com.actitime.pages.LoginPage.verifyTitle(LoginPage.java:24)
at com.actitime.pages.LoginPage.verifyTitle(LoginPage.java:24)
at com.actitime.pages.LoginPage.verifyTitle(LoginPage.java:24)
at com.actitime.pages.LoginPage.verifyTitle(LoginPage.java:24)
at com.actitime.pages.LoginPage.verifyTitle(LoginPage.java:24)
at com.actitime.pages.LoginPage.verifyTitle(LoginPage.java:24)
at com.actitime.pages.LoginPage.verifyTitle(LoginPage.java:24)
at com.actitime.pages.LoginPage.verifyTitle(LoginPage.java:24)
at com.actitime.pages.LoginPage.verifyTitle(LoginPage.java:24)
at com.actitime.pages.LoginPage.verifyTitle(LoginPage.java:24)
at com.actitime.pages.LoginPage.verifyTitle(LoginPage.java:24)
at com.actitime.pages.LoginPage.verifyTitle(LoginPage.java:24)
at com.actitime.pages.LoginPage.verifyTitle(LoginPage.java:24)
at com.actitime.pages.LoginPage.verifyTitle(LoginPage.java:24)
at com.actitime.pages.LoginPage.verifyTitle(LoginPage.java:24)
at com.actitime.pages.LoginPage.verifyTitle(LoginPage.java:24)
at com.actitime.pages.LoginPage.verifyTitle(LoginPage.java:24)
at com.actitime.pages.LoginPage.verifyTitle(LoginPage.java:24)
at com.actitime.pages.LoginPage.verifyTitle(LoginPage.java:24)
at com.actitime.pages.LoginPage.verifyTitle(LoginPage.java:24)
at com.actitime.pages.LoginPage.verifyTitle(LoginPage.java:24)
at com.actitime.pages.LoginPage.verifyTitle(LoginPage.java:24)
at com.actitime.pages.LoginPage.verifyTitle(LoginPage.java:24)
at com.actitime.pages.LoginPage.verifyTitle(LoginPage.java:24)
at com.actitime.pages.LoginPage.verifyTitle(LoginPage.java:24)
at com.actitime.pages.LoginPage.verifyTitle(LoginPage.java:24)
at com.actitime.pages.LoginPage.verifyTitle(LoginPage.java:24)
at com.actitime.pages.LoginPage.verifyTitle(LoginPage.java:24)
at com.actitime.pages.LoginPage.verifyTitle(LoginPage.java:24)
at com.actitime.pages.LoginPage.verifyTitle(LoginPage.java:24)
at com.actitime.pages.LoginPage.verifyTitle(LoginPage.java:24)
at com.actitime.pages.LoginPage.verifyTitle(LoginPage.java:24)
at com.actitime.pages.LoginPage.verifyTitle(LoginPage.java:24)
at com.actitime.pages.LoginPage.verifyTitle(LoginPage.java:24)
at com.actitime.pages.LoginPage.verifyTitle(LoginPage.java:24)
at com.actitime.pages.LoginPage.verifyTitle(LoginPage.java:24)
at com.actitime.pages.LoginPage.verifyTitle(LoginPage.java:24)
at com.actitime.pages.LoginPage.verifyTitle(LoginPage.java:24)
at com.actitime.pages.LoginPage.verifyTitle(LoginPage.java:24)
at com.actitime.pages.LoginPage.verifyTitle(LoginPage.java:24)
at com.actitime.pages.LoginPage.verifyTitle(LoginPage.java:24)
at com.actitime.pages.LoginPage.verifyTitle(LoginPage.java:24)
at com.actitime.pages.LoginPage.verifyTitle(LoginPage.java:24)
at com.actitime.pages.LoginPage.verifyTitle(LoginPage.java:24)
at com.actitime.pages.LoginPage.verifyTitle(LoginPage.java:24)
at com.actitime.pages.LoginPage.verifyTitle(LoginPage.java:24)
at com.actitime.pages.LoginPage.verifyTitle(LoginPage.java:24)
at com.actitime.pages.LoginPage.verifyTitle(LoginPage.java:24)
at com.actitime.pages.LoginPage.verifyTitle(LoginPage.java:24)
at com.actitime.pages.LoginPage.verifyTitle(LoginPage.java:24)
at com.actitime.pages.LoginPage.verifyTitle(LoginPage.java:24)
at com.actitime.pages.LoginPage.verifyTitle(LoginPage.java:24)
at com.actitime.pages.LoginPage.verifyTitle(LoginPage.java:24)
at com.actitime.pages.LoginPage.verifyTitle(LoginPage.java:24)
at com.actitime.pages.LoginPage.verifyTitle(LoginPage.java:24)
at com.actitime.pages.LoginPage.verifyTitle(LoginPage.java:24)
at com.actitime.pages.LoginPage.verifyTitle(LoginPage.java:24)
at com.actitime.pages.LoginPage.verifyTitle(LoginPage.java:24)
at com.actitime.pages.LoginPage.verifyTitle(LoginPage.java:24)
at com.actitime.pages.LoginPage.verifyTitle(LoginPage.java:24)
at com.actitime.pages.LoginPage.verifyTitle(LoginPage.java:24)
at com.actitime.pages.LoginPage.verifyTitle(LoginPage.java:24)
at com.actitime.pages.LoginPage.verifyTitle(LoginPage.java:24)
at com.actitime.pages.LoginPage.verifyTitle(LoginPage.java:24)
at com.actitime.pages.LoginPage.verifyTitle(LoginPage.java:24)
at com.actitime.pages.LoginPage.verifyTitle(LoginPage.java:24)
at com.actitime.pages.LoginPage.verifyTitle(LoginPage.java:24)
at com.actitime.pages.LoginPage.verifyTitle(LoginPage.java:24)
at com.actitime.pages.LoginPage.verifyTitle(LoginPage.java:24)
at com.actitime.pages.LoginPage.verifyTitle(LoginPage.java:24)
at com.actitime.pages.LoginPage.verifyTitle(LoginPage.java:24)
at com.actitime.pages.LoginPage.verifyTitle(LoginPage.java:24)
at com.actitime.pages.LoginPage.verifyTitle(LoginPage.java:24)
at com.actitime.pages.LoginPage.verifyTitle(LoginPage.java:24)
at com.actitime.pages.LoginPage.verifyTitle(LoginPage.java:24)
at com.actitime.pages.LoginPage.verifyTitle(LoginPage.java:24)
at com.actitime.pages.LoginPage.verifyTitle(LoginPage.java:24)
at com.actitime.pages.LoginPage.verifyTitle(LoginPage.java:24)
at com.actitime.pages.LoginPage.verifyTitle(LoginPage.java:24)
at com.actitime.pages.LoginPage.verifyTitle(LoginPage.java:24)
at com.actitime.pages.LoginPage.verifyTitle(LoginPage.java:24)
at com.actitime.pages.LoginPage.verifyTitle(LoginPage.java:24)
at com.actitime.pages.LoginPage.verifyTitle(LoginPage.java:24)
at com.actitime.pages.LoginPage.verifyTitle(LoginPage.java:24)
at com.actitime.pages.LoginPage.verifyTitle(LoginPage.java:24)
at com.actitime.pages.LoginPage.verifyTitle(LoginPage.java:24)
at com.actitime.pages.LoginPage.verifyTitle(LoginPage.java:24)
at com.actitime.pages.LoginPage.verifyTitle(LoginPage.java:24)
at com.actitime.pages.LoginPage.verifyTitle(LoginPage.java:24)
at com.actitime.pages.LoginPage.verifyTitle(LoginPage.java:24)
at com.actitime.pages.LoginPage.verifyTitle(LoginPage.java:24)
at com.actitime.pages.LoginPage.verifyTitle(LoginPage.java:24)
at com.actitime.pages.LoginPage.verifyTitle(LoginPage.java:24)
at com.actitime.pages.LoginPage.verifyTitle(LoginPage.java:24)
at com.actitime.pages.LoginPage.verifyTitle(LoginPage.java:24)
at com.actitime.pages.LoginPage.verifyTitle(LoginPage.java:24)
at com.actitime.pages.LoginPage.verifyTitle(LoginPage.java:24)
at com.actitime.pages.LoginPage.verifyTitle(LoginPage.java:24)
at com.actitime.pages.LoginPage.verifyTitle(LoginPage.java:24)
at com.actitime.pages.LoginPage.verifyTitle(LoginPage.java:24)
at com.actitime.pages.LoginPage.verifyTitle(LoginPage.java:24)
at com.actitime.pages.LoginPage.verifyTitle(LoginPage.java:24)
at com.actitime.pages.LoginPage.verifyTitle(LoginPage.java:24)
at com.actitime.pages.LoginPage.verifyTitle(LoginPage.java:24)
at com.actitime.pages.LoginPage.verifyTitle(LoginPage.java:24)
at com.actitime.pages.LoginPage.verifyTitle(LoginPage.java:24)
at com.actitime.pages.LoginPage.verifyTitle(LoginPage.java:24)
at com.actitime.pages.LoginPage.verifyTitle(LoginPage.java:24)
at com.actitime.pages.LoginPage.verifyTitle(LoginPage.java:24)
at com.actitime.pages.LoginPage.verifyTitle(LoginPage.java:24)
at com.actitime.pages.LoginPage.verifyTitle(LoginPage.java:24)
at com.actitime.pages.LoginPage.verifyTitle(LoginPage.java:24)
at com.actitime.pages.LoginPage.verifyTitle(LoginPage.java:24)
at com.actitime.pages.LoginPage.verifyTitle(LoginPage.java:24)
at com.actitime.pages.LoginPage.verifyTitle(LoginPage.java:24)
at com.actitime.pages.LoginPage.verifyTitle(LoginPage.java:24)
at com.actitime.pages.LoginPage.verifyTitle(LoginPage.java:24)
at com.actitime.pages.LoginPage.verifyTitle(LoginPage.java:24)
at com.actitime.pages.LoginPage.verifyTitle(LoginPage.java:24)
at com.actitime.pages.LoginPage.verifyTitle(LoginPage.java:24)
at com.actitime.pages.LoginPage.verifyTitle(LoginPage.java:24)
at com.actitime.pages.LoginPage.verifyTitle(LoginPage.java:24)
at com.actitime.pages.LoginPage.verifyTitle(LoginPage.java:24)
at com.actitime.pages.LoginPage.verifyTitle(LoginPage.java:24)
at com.actitime.pages.LoginPage.verifyTitle(LoginPage.java:24)
at com.actitime.pages.LoginPage.verifyTitle(LoginPage.java:24)
at com.actitime.pages.LoginPage.verifyTitle(LoginPage.java:24)
at com.actitime.pages.LoginPage.verifyTitle(LoginPage.java:24)
at com.actitime.pages.LoginPage.verifyTitle(LoginPage.java:24)
at com.actitime.pages.LoginPage.verifyTitle(LoginPage.java:24)
at com.actitime.pages.LoginPage.verifyTitle(LoginPage.java:24)
at com.actitime.pages.LoginPage.verifyTitle(LoginPage.java:24)
at com.actitime.pages.LoginPage.verifyTitle(LoginPage.java:24)
at com.actitime.pages.LoginPage.verifyTitle(LoginPage.java:24)
at com.actitime.pages.LoginPage.verifyTitle(LoginPage.java:24)
at com.actitime.pages.LoginPage.verifyTitle(LoginPage.java:24)
at com.actitime.pages.LoginPage.verifyTitle(LoginPage.java:24)
at com.actitime.pages.LoginPage.verifyTitle(LoginPage.java:24)
at com.actitime.pages.LoginPage.verifyTitle(LoginPage.java:24)
at com.actitime.pages.LoginPage.verifyTitle(LoginPage.java:24)
at com.actitime.pages.LoginPage.verifyTitle(LoginPage.java:24)
at com.actitime.pages.LoginPage.verifyTitle(LoginPage.java:24)
at com.actitime.pages.LoginPage.verifyTitle(LoginPage.java:24)
at com.actitime.pages.LoginPage.verifyTitle(LoginPage.java:24)
at com.actitime.pages.LoginPage.verifyTitle(LoginPage.java:24)
at com.actitime.pages.LoginPage.verifyTitle(LoginPage.java:24)
at com.actitime.pages.LoginPage.verifyTitle(LoginPage.java:24)
at com.actitime.pages.LoginPage.verifyTitle(LoginPage.java:24)
at com.actitime.pages.LoginPage.verifyTitle(LoginPage.java:24)
at com.actitime.pages.LoginPage.verifyTitle(LoginPage.java:24)
at com.actitime.pages.LoginPage.verifyTitle(LoginPage.java:24)
at com.actitime.pages.LoginPage.verifyTitle(LoginPage.java:24)
at com.actitime.pages.LoginPage.verifyTitle(LoginPage.java:24)
at com.actitime.pages.LoginPage.verifyTitle(LoginPage.java:24)
at com.actitime.pages.LoginPage.verifyTitle(LoginPage.java:24)
at com.actitime.pages.LoginPage.verifyTitle(LoginPage.java:24)
at com.actitime.pages.LoginPage.verifyTitle(LoginPage.java:24)
at com.actitime.pages.LoginPage.verifyTitle(LoginPage.java:24)
at com.actitime.pages.LoginPage.verifyTitle(LoginPage.java:24)
at com.actitime.pages.LoginPage.verifyTitle(LoginPage.java:24)
at com.actitime.pages.LoginPage.verifyTitle(LoginPage.java:24)
at com.actitime.pages.LoginPage.verifyTitle(LoginPage.java:24)
at com.actitime.pages.LoginPage.verifyTitle(LoginPage.java:24)
at com.actitime.pages.LoginPage.verifyTitle(LoginPage.java:24)
at com.actitime.pages.LoginPage.verifyTitle(LoginPage.java:24)
at com.actitime.pages.LoginPage.verifyTitle(LoginPage.java:24)
at com.actitime.pages.LoginPage.verifyTitle(LoginPage.java:24)
at com.actitime.pages.LoginPage.verifyTitle(LoginPage.java:24)
at com.actitime.pages.LoginPage.verifyTitle(LoginPage.java:24)
at com.actitime.pages.LoginPage.verifyTitle(LoginPage.java:24)
at com.actitime.pages.LoginPage.verifyTitle(LoginPage.java:24)
at com.actitime.pages.LoginPage.verifyTitle(LoginPage.java:24)
at com.actitime.pages.LoginPage.verifyTitle(LoginPage.java:24)
at com.actitime.pages.LoginPage.verifyTitle(LoginPage.java:24)
at com.actitime.pages.LoginPage.verifyTitle(LoginPage.java:24)
at com.actitime.pages.LoginPage.verifyTitle(LoginPage.java:24)
at com.actitime.pages.LoginPage.verifyTitle(LoginPage.java:24)
at com.actitime.pages.LoginPage.verifyTitle(LoginPage.java:24)
at com.actitime.pages.LoginPage.verifyTitle(LoginPage.java:24)
at com.actitime.pages.LoginPage.verifyTitle(LoginPage.java:24)
at com.actitime.pages.LoginPage.verifyTitle(LoginPage.java:24)
at com.actitime.pages.LoginPage.verifyTitle(LoginPage.java:24)
at com.actitime.pages.LoginPage.verifyTitle(LoginPage.java:24)
at com.actitime.pages.LoginPage.verifyTitle(LoginPage.java:24)
at com.actitime.pages.LoginPage.verifyTitle(LoginPage.java:24)
at com.actitime.pages.LoginPage.verifyTitle(LoginPage.java:24)
at com.actitime.pages.LoginPage.verifyTitle(LoginPage.java:24)
at com.actitime.pages.LoginPage.verifyTitle(LoginPage.java:24)
at com.actitime.pages.LoginPage.verifyTitle(LoginPage.java:24)
at com.actitime.pages.LoginPage.verifyTitle(LoginPage.java:24)
at com.actitime.pages.LoginPage.verifyTitle(LoginPage.java:24)
at com.actitime.pages.LoginPage.verifyTitle(LoginPage.java:24)
at com.actitime.pages.LoginPage.verifyTitle(LoginPage.java:24)
at com.actitime.pages.LoginPage.verifyTitle(LoginPage.java:24)
at com.actitime.pages.LoginPage.verifyTitle(LoginPage.java:24)
at com.actitime.pages.LoginPage.verifyTitle(LoginPage.java:24)
at com.actitime.pages.LoginPage.verifyTitle(LoginPage.java:24)
at com.actitime.pages.LoginPage.verifyTitle(LoginPage.java:24)
at com.actitime.pages.LoginPage.verifyTitle(LoginPage.java:24)
at com.actitime.pages.LoginPage.verifyTitle(LoginPage.java:24)
at com.actitime.pages.LoginPage.verifyTitle(LoginPage.java:24)
at com.actitime.pages.LoginPage.verifyTitle(LoginPage.java:24)
at com.actitime.pages.LoginPage.verifyTitle(LoginPage.java:24)
at com.actitime.pages.LoginPage.verifyTitle(LoginPage.java:24)
at com.actitime.pages.LoginPage.verifyTitle(LoginPage.java:24)
at com.actitime.pages.LoginPage.verifyTitle(LoginPage.java:24)
at com.actitime.pages.LoginPage.verifyTitle(LoginPage.java:24)
at com.actitime.pages.LoginPage.verifyTitle(LoginPage.java:24)
at com.actitime.pages.LoginPage.verifyTitle(LoginPage.java:24)
at com.actitime.pages.LoginPage.verifyTitle(LoginPage.java:24)
at com.actitime.pages.LoginPage.verifyTitle(LoginPage.java:24)
at com.actitime.pages.LoginPage.verifyTitle(LoginPage.java:24)
at com.actitime.pages.LoginPage.verifyTitle(LoginPage.java:24)
at com.actitime.pages.LoginPage.verifyTitle(LoginPage.java:24)
at com.actitime.pages.LoginPage.verifyTitle(LoginPage.java:24)
at com.actitime.pages.LoginPage.verifyTitle(LoginPage.java:24)
at com.actitime.pages.LoginPage.verifyTitle(LoginPage.java:24)
at com.actitime.pages.LoginPage.verifyTitle(LoginPage.java:24)
at com.actitime.pages.LoginPage.verifyTitle(LoginPage.java:24)
at com.actitime.pages.LoginPage.verifyTitle(LoginPage.java:24)
at com.actitime.pages.LoginPage.verifyTitle(LoginPage.java:24)
at com.actitime.pages.LoginPage.verifyTitle(LoginPage.java:24)
at com.actitime.pages.LoginPage.verifyTitle(LoginPage.java:24)
at com.actitime.pages.LoginPage.verifyTitle(LoginPage.java:24)
at com.actitime.pages.LoginPage.verifyTitle(LoginPage.java:24)
at com.actitime.pages.LoginPage.verifyTitle(LoginPage.java:24)
at com.actitime.pages.LoginPage.verifyTitle(LoginPage.java:24)
at com.actitime.pages.LoginPage.verifyTitle(LoginPage.java:24)
at com.actitime.pages.LoginPage.verifyTitle(LoginPage.java:24)
at com.actitime.pages.LoginPage.verifyTitle(LoginPage.java:24)
at com.actitime.pages.LoginPage.verifyTitle(LoginPage.java:24)
at com.actitime.pages.LoginPage.verifyTitle(LoginPage.java:24)
at com.actitime.pages.LoginPage.verifyTitle(LoginPage.java:24)
at com.actitime.pages.LoginPage.verifyTitle(LoginPage.java:24)
at com.actitime.pages.LoginPage.verifyTitle(LoginPage.java:24)
at com.actitime.pages.LoginPage.verifyTitle(LoginPage.java:24)
at com.actitime.pages.LoginPage.verifyTitle(LoginPage.java:24)
at com.actitime.pages.LoginPage.verifyTitle(LoginPage.java:24)
at com.actitime.pages.LoginPage.verifyTitle(LoginPage.java:24)
at com.actitime.pages.LoginPage.verifyTitle(LoginPage.java:24)
at com.actitime.pages.LoginPage.verifyTitle(LoginPage.java:24)
at com.actitime.pages.LoginPage.verifyTitle(LoginPage.java:24)
at com.actitime.pages.LoginPage.verifyTitle(LoginPage.java:24)
at com.actitime.pages.LoginPage.verifyTitle(LoginPage.java:24)
at com.actitime.pages.LoginPage.verifyTitle(LoginPage.java:24)
at com.actitime.pages.LoginPage.verifyTitle(LoginPage.java:24)
at com.actitime.pages.LoginPage.verifyTitle(LoginPage.java:24)
at com.actitime.pages.LoginPage.verifyTitle(LoginPage.java:24)
at com.actitime.pages.LoginPage.verifyTitle(LoginPage.java:24)
at com.actitime.pages.LoginPage.verifyTitle(LoginPage.java:24)
at com.actitime.pages.LoginPage.verifyTitle(LoginPage.java:24)
at com.actitime.pages.LoginPage.verifyTitle(LoginPage.java:24)
at com.actitime.pages.LoginPage.verifyTitle(LoginPage.java:24)
at com.actitime.pages.LoginPage.verifyTitle(LoginPage.java:24)
at com.actitime.pages.LoginPage.verifyTitle(LoginPage.java:24)
at com.actitime.pages.LoginPage.verifyTitle(LoginPage.java:24)
at com.actitime.pages.LoginPage.verifyTitle(LoginPage.java:24)
at com.actitime.pages.LoginPage.verifyTitle(LoginPage.java:24)
at com.actitime.pages.LoginPage.verifyTitle(LoginPage.java:24)
at com.actitime.pages.LoginPage.verifyTitle(LoginPage.java:24)
at com.actitime.pages.LoginPage.verifyTitle(LoginPage.java:24)
at com.actitime.pages.LoginPage.verifyTitle(LoginPage.java:24)
at com.actitime.pages.LoginPage.verifyTitle(LoginPage.java:24)
at com.actitime.pages.LoginPage.verifyTitle(LoginPage.java:24)
at com.actitime.pages.LoginPage.verifyTitle(LoginPage.java:24)
at com.actitime.pages.LoginPage.verifyTitle(LoginPage.java:24)
at com.actitime.pages.LoginPage.verifyTitle(LoginPage.java:24)
at com.actitime.pages.LoginPage.verifyTitle(LoginPage.java:24)
at com.actitime.pages.LoginPage.verifyTitle(LoginPage.java:24)
at com.actitime.pages.LoginPage.verifyTitle(LoginPage.java:24)
at com.actitime.pages.LoginPage.verifyTitle(LoginPage.java:24)
at com.actitime.pages.LoginPage.verifyTitle(LoginPage.java:24)
at com.actitime.pages.LoginPage.verifyTitle(LoginPage.java:24)
at com.actitime.pages.LoginPage.verifyTitle(LoginPage.java:24)
at com.actitime.pages.LoginPage.verifyTitle(LoginPage.java:24)
at com.actitime.pages.LoginPage.verifyTitle(LoginPage.java:24)
at com.actitime.pages.LoginPage.verifyTitle(LoginPage.java:24)
at com.actitime.pages.LoginPage.verifyTitle(LoginPage.java:24)
at com.actitime.pages.LoginPage.verifyTitle(LoginPage.java:24)
at com.actitime.pages.LoginPage.verifyTitle(LoginPage.java:24)
at com.actitime.pages.LoginPage.verifyTitle(LoginPage.java:24)
at com.actitime.pages.LoginPage.verifyTitle(LoginPage.java:24)
at com.actitime.pages.LoginPage.verifyTitle(LoginPage.java:24)
at com.actitime.pages.LoginPage.verifyTitle(LoginPage.java:24)
at com.actitime.pages.LoginPage.verifyTitle(LoginPage.java:24)
at com.actitime.pages.LoginPage.verifyTitle(LoginPage.java:24)
at com.actitime.pages.LoginPage.verifyTitle(LoginPage.java:24)
at com.actitime.pages.LoginPage.verifyTitle(LoginPage.java:24)
at com.actitime.pages.LoginPage.verifyTitle(LoginPage.java:24)
at com.actitime.pages.LoginPage.verifyTitle(LoginPage.java:24)
at com.actitime.pages.LoginPage.verifyTitle(LoginPage.java:24)
at com.actitime.pages.LoginPage.verifyTitle(LoginPage.java:24)
at com.actitime.pages.LoginPage.verifyTitle(LoginPage.java:24)
at com.actitime.pages.LoginPage.verifyTitle(LoginPage.java:24)
at com.actitime.pages.LoginPage.verifyTitle(LoginPage.java:24)
at com.actitime.pages.LoginPage.verifyTitle(LoginPage.java:24)
at com.actitime.pages.LoginPage.verifyTitle(LoginPage.java:24)
at com.actitime.pages.LoginPage.verifyTitle(LoginPage.java:24)
at com.actitime.pages.LoginPage.verifyTitle(LoginPage.java:24)
at com.actitime.pages.LoginPage.verifyTitle(LoginPage.java:24)
at com.actitime.pages.LoginPage.verifyTitle(LoginPage.java:24)
at com.actitime.pages.LoginPage.verifyTitle(LoginPage.java:24)
at com.actitime.pages.LoginPage.verifyTitle(LoginPage.java:24)
at com.actitime.pages.LoginPage.verifyTitle(LoginPage.java:24)
at com.actitime.pages.LoginPage.verifyTitle(LoginPage.java:24)
at com.actitime.pages.LoginPage.verifyTitle(LoginPage.java:24)
at com.actitime.pages.LoginPage.verifyTitle(LoginPage.java:24)
at com.actitime.pages.LoginPage.verifyTitle(LoginPage.java:24)
at com.actitime.pages.LoginPage.verifyTitle(LoginPage.java:24)
at com.actitime.pages.LoginPage.verifyTitle(LoginPage.java:24)
at com.actitime.pages.LoginPage.verifyTitle(LoginPage.java:24)
at com.actitime.pages.LoginPage.verifyTitle(LoginPage.java:24)
at com.actitime.pages.LoginPage.verifyTitle(LoginPage.java:24)
at com.actitime.pages.LoginPage.verifyTitle(LoginPage.java:24)
at com.actitime.pages.LoginPage.verifyTitle(LoginPage.java:24)
at com.actitime.pages.LoginPage.verifyTitle(LoginPage.java:24)
at com.actitime.pages.LoginPage.verifyTitle(LoginPage.java:24)
at com.actitime.pages.LoginPage.verifyTitle(LoginPage.java:24)
at com.actitime.pages.LoginPage.verifyTitle(LoginPage.java:24)
at com.actitime.pages.LoginPage.verifyTitle(LoginPage.java:24)
at com.actitime.pages.LoginPage.verifyTitle(LoginPage.java:24)
at com.actitime.pages.LoginPage.verifyTitle(LoginPage.java:24)
at com.actitime.pages.LoginPage.verifyTitle(LoginPage.java:24)
at com.actitime.pages.LoginPage.verifyTitle(LoginPage.java:24)
at com.actitime.pages.LoginPage.verifyTitle(LoginPage.java:24)
at com.actitime.pages.LoginPage.verifyTitle(LoginPage.java:24)
at com.actitime.pages.LoginPage.verifyTitle(LoginPage.java:24)
at com.actitime.pages.LoginPage.verifyTitle(LoginPage.java:24)
at com.actitime.pages.LoginPage.verifyTitle(LoginPage.java:24)
at com.actitime.pages.LoginPage.verifyTitle(LoginPage.java:24)
at com.actitime.pages.LoginPage.verifyTitle(LoginPage.java:24)
at com.actitime.pages.LoginPage.verifyTitle(LoginPage.java:24)
at com.actitime.pages.LoginPage.verifyTitle(LoginPage.java:24)
at com.actitime.pages.LoginPage.verifyTitle(LoginPage.java:24)
at com.actitime.pages.LoginPage.verifyTitle(LoginPage.java:24)
at com.actitime.pages.LoginPage.verifyTitle(LoginPage.java:24)
at com.actitime.pages.LoginPage.verifyTitle(LoginPage.java:24)
at com.actitime.pages.LoginPage.verifyTitle(LoginPage.java:24)
at com.actitime.pages.LoginPage.verifyTitle(LoginPage.java:24)
at com.actitime.pages.LoginPage.verifyTitle(LoginPage.java:24)
at com.actitime.pages.LoginPage.verifyTitle(LoginPage.java:24)
at com.actitime.pages.LoginPage.verifyTitle(LoginPage.java:24)
at com.actitime.pages.LoginPage.verifyTitle(LoginPage.java:24)
at com.actitime.pages.LoginPage.verifyTitle(LoginPage.java:24)
at com.actitime.pages.LoginPage.verifyTitle(LoginPage.java:24)
at com.actitime.pages.LoginPage.verifyTitle(LoginPage.java:24)
at com.actitime.pages.LoginPage.verifyTitle(LoginPage.java:24)
at com.actitime.pages.LoginPage.verifyTitle(LoginPage.java:24)
at com.actitime.pages.LoginPage.verifyTitle(LoginPage.java:24)
at com.actitime.pages.LoginPage.verifyTitle(LoginPage.java:24)
at com.actitime.pages.LoginPage.verifyTitle(LoginPage.java:24)
at com.actitime.pages.LoginPage.verifyTitle(LoginPage.java:24)
at com.actitime.pages.LoginPage.verifyTitle(LoginPage.java:24)
at com.actitime.pages.LoginPage.verifyTitle(LoginPage.java:24)
at com.actitime.pages.LoginPage.verifyTitle(LoginPage.java:24)
at com.actitime.pages.LoginPage.verifyTitle(LoginPage.java:24)
at com.actitime.pages.LoginPage.verifyTitle(LoginPage.java:24)
at com.actitime.pages.LoginPage.verifyTitle(LoginPage.java:24)
at com.actitime.pages.LoginPage.verifyTitle(LoginPage.java:24)
at com.actitime.pages.LoginPage.verifyTitle(LoginPage.java:24)
at com.actitime.pages.LoginPage.verifyTitle(LoginPage.java:24)
at com.actitime.pages.LoginPage.verifyTitle(LoginPage.java:24)
at com.actitime.pages.LoginPage.verifyTitle(LoginPage.java:24)
at com.actitime.pages.LoginPage.verifyTitle(LoginPage.java:24)
at com.actitime.pages.LoginPage.verifyTitle(LoginPage.java:24)
at com.actitime.pages.LoginPage.verifyTitle(LoginPage.java:24)
at com.actitime.pages.LoginPage.verifyTitle(LoginPage.java:24)
at com.actitime.pages.LoginPage.verifyTitle(LoginPage.java:24)
at com.actitime.pages.LoginPage.verifyTitle(LoginPage.java:24)
at com.actitime.pages.LoginPage.verifyTitle(LoginPage.java:24)
at com.actitime.pages.LoginPage.verifyTitle(LoginPage.java:24)
at com.actitime.pages.LoginPage.verifyTitle(LoginPage.java:24)
at com.actitime.pages.LoginPage.verifyTitle(LoginPage.java:24)
at com.actitime.pages.LoginPage.verifyTitle(LoginPage.java:24)
at com.actitime.pages.LoginPage.verifyTitle(LoginPage.java:24)
at com.actitime.pages.LoginPage.verifyTitle(LoginPage.java:24)
at com.actitime.pages.LoginPage.verifyTitle(LoginPage.java:24)
at com.actitime.pages.LoginPage.verifyTitle(LoginPage.java:24)
at com.actitime.pages.LoginPage.verifyTitle(LoginPage.java:24)
at com.actitime.pages.LoginPage.verifyTitle(LoginPage.java:24)
at com.actitime.pages.LoginPage.verifyTitle(LoginPage.java:24)
at com.actitime.pages.LoginPage.verifyTitle(LoginPage.java:24)
at com.actitime.pages.LoginPage.verifyTitle(LoginPage.java:24)
at com.actitime.pages.LoginPage.verifyTitle(LoginPage.java:24)
at com.actitime.pages.LoginPage.verifyTitle(LoginPage.java:24)
at com.actitime.pages.LoginPage.verifyTitle(LoginPage.java:24)
at com.actitime.pages.LoginPage.verifyTitle(LoginPage.java:24)
at com.actitime.pages.LoginPage.verifyTitle(LoginPage.java:24)
at com.actitime.pages.LoginPage.verifyTitle(LoginPage.java:24)
at com.actitime.pages.LoginPage.verifyTitle(LoginPage.java:24)
at com.actitime.pages.LoginPage.verifyTitle(LoginPage.java:24)
at com.actitime.pages.LoginPage.verifyTitle(LoginPage.java:24)
at com.actitime.pages.LoginPage.verifyTitle(LoginPage.java:24)
at com.actitime.pages.LoginPage.verifyTitle(LoginPage.java:24)
at com.actitime.pages.LoginPage.verifyTitle(LoginPage.java:24)
at com.actitime.pages.LoginPage.verifyTitle(LoginPage.java:24)
at com.actitime.pages.LoginPage.verifyTitle(LoginPage.java:24)
at com.actitime.pages.LoginPage.verifyTitle(LoginPage.java:24)
at com.actitime.pages.LoginPage.verifyTitle(LoginPage.java:24)
at com.actitime.pages.LoginPage.verifyTitle(LoginPage.java:24)
at com.actitime.pages.LoginPage.verifyTitle(LoginPage.java:24)
at com.actitime.pages.LoginPage.verifyTitle(LoginPage.java:24)
at com.actitime.pages.LoginPage.verifyTitle(LoginPage.java:24)
at com.actitime.pages.LoginPage.verifyTitle(LoginPage.java:24)
at com.actitime.pages.LoginPage.verifyTitle(LoginPage.java:24)
at com.actitime.pages.LoginPage.verifyTitle(LoginPage.java:24)
at com.actitime.pages.LoginPage.verifyTitle(LoginPage.java:24)
at com.actitime.pages.LoginPage.verifyTitle(LoginPage.java:24)
at com.actitime.pages.LoginPage.verifyTitle(LoginPage.java:24)
at com.actitime.pages.LoginPage.verifyTitle(LoginPage.java:24)
at com.actitime.pages.LoginPage.verifyTitle(LoginPage.java:24)
at com.actitime.pages.LoginPage.verifyTitle(LoginPage.java:24)
at com.actitime.pages.LoginPage.verifyTitle(LoginPage.java:24)
at com.actitime.pages.LoginPage.verifyTitle(LoginPage.java:24)
at com.actitime.pages.LoginPage.verifyTitle(LoginPage.java:24)
at com.actitime.pages.LoginPage.verifyTitle(LoginPage.java:24)
at com.actitime.pages.LoginPage.verifyTitle(LoginPage.java:24)
at com.actitime.pages.LoginPage.verifyTitle(LoginPage.java:24)
at com.actitime.pages.LoginPage.verifyTitle(LoginPage.java:24)
at com.actitime.pages.LoginPage.verifyTitle(LoginPage.java:24)
at com.actitime.pages.LoginPage.verifyTitle(LoginPage.java:24)
at com.actitime.pages.LoginPage.verifyTitle(LoginPage.java:24)
at com.actitime.pages.LoginPage.verifyTitle(LoginPage.java:24)
at com.actitime.pages.LoginPage.verifyTitle(LoginPage.java:24)
at com.actitime.pages.LoginPage.verifyTitle(LoginPage.java:24)
at com.actitime.pages.LoginPage.verifyTitle(LoginPage.java:24)
at com.actitime.pages.LoginPage.verifyTitle(LoginPage.java:24)
at com.actitime.pages.LoginPage.verifyTitle(LoginPage.java:24)
at com.actitime.pages.LoginPage.verifyTitle(LoginPage.java:24)
at com.actitime.pages.LoginPage.verifyTitle(LoginPage.java:24)
at com.actitime.pages.LoginPage.verifyTitle(LoginPage.java:24)
at com.actitime.pages.LoginPage.verifyTitle(LoginPage.java:24)
at com.actitime.pages.LoginPage.verifyTitle(LoginPage.java:24)
at com.actitime.pages.LoginPage.verifyTitle(LoginPage.java:24)
at com.actitime.pages.LoginPage.verifyTitle(LoginPage.java:24)
at com.actitime.pages.LoginPage.verifyTitle(LoginPage.java:24)
at com.actitime.pages.LoginPage.verifyTitle(LoginPage.java:24)
at com.actitime.pages.LoginPage.verifyTitle(LoginPage.java:24)
at com.actitime.pages.LoginPage.verifyTitle(LoginPage.java:24)
at com.actitime.pages.LoginPage.verifyTitle(LoginPage.java:24)
at com.actitime.pages.LoginPage.verifyTitle(LoginPage.java:24)
at com.actitime.pages.LoginPage.verifyTitle(LoginPage.java:24)
at com.actitime.pages.LoginPage.verifyTitle(LoginPage.java:24)
at com.actitime.pages.LoginPage.verifyTitle(LoginPage.java:24)
at com.actitime.pages.LoginPage.verifyTitle(LoginPage.java:24)
at com.actitime.pages.LoginPage.verifyTitle(LoginPage.java:24)
at com.actitime.pages.LoginPage.verifyTitle(LoginPage.java:24)
at com.actitime.pages.LoginPage.verifyTitle(LoginPage.java:24)
at com.actitime.pages.LoginPage.verifyTitle(LoginPage.java:24)
at com.actitime.pages.LoginPage.verifyTitle(LoginPage.java:24)
at com.actitime.pages.LoginPage.verifyTitle(LoginPage.java:24)
at com.actitime.pages.LoginPage.verifyTitle(LoginPage.java:24)
at com.actitime.pages.LoginPage.verifyTitle(LoginPage.java:24)
at com.actitime.pages.LoginPage.verifyTitle(LoginPage.java:24)
at com.actitime.pages.LoginPage.verifyTitle(LoginPage.java:24)
at com.actitime.pages.LoginPage.verifyTitle(LoginPage.java:24)
at com.actitime.pages.LoginPage.verifyTitle(LoginPage.java:24)
at com.actitime.pages.LoginPage.verifyTitle(LoginPage.java:24)
at com.actitime.pages.LoginPage.verifyTitle(LoginPage.java:24)
at com.actitime.pages.LoginPage.verifyTitle(LoginPage.java:24)
at com.actitime.pages.LoginPage.verifyTitle(LoginPage.java:24)
at com.actitime.pages.LoginPage.verifyTitle(LoginPage.java:24)
at com.actitime.pages.LoginPage.verifyTitle(LoginPage.java:24)
at com.actitime.pages.LoginPage.verifyTitle(LoginPage.java:24)
at com.actitime.pages.LoginPage.verifyTitle(LoginPage.java:24)
at com.actitime.pages.LoginPage.verifyTitle(LoginPage.java:24)
at com.actitime.pages.LoginPage.verifyTitle(LoginPage.java:24)
at com.actitime.pages.LoginPage.verifyTitle(LoginPage.java:24)
at com.actitime.pages.LoginPage.verifyTitle(LoginPage.java:24)
at com.actitime.pages.LoginPage.verifyTitle(LoginPage.java:24)
at com.actitime.pages.LoginPage.verifyTitle(LoginPage.java:24)
at com.actitime.pages.LoginPage.verifyTitle(LoginPage.java:24)
at com.actitime.pages.LoginPage.verifyTitle(LoginPage.java:24)
at com.actitime.pages.LoginPage.verifyTitle(LoginPage.java:24)
at com.actitime.pages.LoginPage.verifyTitle(LoginPage.java:24)
at com.actitime.pages.LoginPage.verifyTitle(LoginPage.java:24)
at com.actitime.pages.LoginPage.verifyTitle(LoginPage.java:24)
at com.actitime.pages.LoginPage.verifyTitle(LoginPage.java:24)
at com.actitime.pages.LoginPage.verifyTitle(LoginPage.java:24)
at com.actitime.pages.LoginPage.verifyTitle(LoginPage.java:24)
at com.actitime.pages.LoginPage.verifyTitle(LoginPage.java:24)
at com.actitime.pages.LoginPage.verifyTitle(LoginPage.java:24)
at com.actitime.pages.LoginPage.verifyTitle(LoginPage.java:24)
at com.actitime.pages.LoginPage.verifyTitle(LoginPage.java:24)
at com.actitime.pages.LoginPage.verifyTitle(LoginPage.java:24)
at com.actitime.pages.LoginPage.verifyTitle(LoginPage.java:24)
at com.actitime.pages.LoginPage.verifyTitle(LoginPage.java:24)
at com.actitime.pages.LoginPage.verifyTitle(LoginPage.java:24)
at com.actitime.pages.LoginPage.verifyTitle(LoginPage.java:24)
at com.actitime.pages.LoginPage.verifyTitle(LoginPage.java:24)
at com.actitime.pages.LoginPage.verifyTitle(LoginPage.java:24)
at com.actitime.pages.LoginPage.verifyTitle(LoginPage.java:24)
at com.actitime.pages.LoginPage.verifyTitle(LoginPage.java:24)
at com.actitime.pages.LoginPage.verifyTitle(LoginPage.java:24)
at com.actitime.pages.LoginPage.verifyTitle(LoginPage.java:24)
at com.actitime.pages.LoginPage.verifyTitle(LoginPage.java:24)
at com.actitime.pages.LoginPage.verifyTitle(LoginPage.java:24)
at com.actitime.pages.LoginPage.verifyTitle(LoginPage.java:24)
at com.actitime.pages.LoginPage.verifyTitle(LoginPage.java:24)
at com.actitime.pages.LoginPage.verifyTitle(LoginPage.java:24)
at com.actitime.pages.LoginPage.verifyTitle(LoginPage.java:24)
at com.actitime.pages.LoginPage.verifyTitle(LoginPage.java:24)
at com.actitime.pages.LoginPage.verifyTitle(LoginPage.java:24)
at com.actitime.pages.LoginPage.verifyTitle(LoginPage.java:24)
at com.actitime.pages.LoginPage.verifyTitle(LoginPage.java:24)
at com.actitime.pages.LoginPage.verifyTitle(LoginPage.java:24)
at com.actitime.pages.LoginPage.verifyTitle(LoginPage.java:24)
at com.actitime.pages.LoginPage.verifyTitle(LoginPage.java:24)
at com.actitime.pages.LoginPage.verifyTitle(LoginPage.java:24)
at com.actitime.pages.LoginPage.verifyTitle(LoginPage.java:24)
at com.actitime.pages.LoginPage.verifyTitle(LoginPage.java:24)
at com.actitime.pages.LoginPage.verifyTitle(LoginPage.java:24)
at com.actitime.pages.LoginPage.verifyTitle(LoginPage.java:24)
at com.actitime.pages.LoginPage.verifyTitle(LoginPage.java:24)
at com.actitime.pages.LoginPage.verifyTitle(LoginPage.java:24)
at com.actitime.pages.LoginPage.verifyTitle(LoginPage.java:24)
at com.actitime.pages.LoginPage.verifyTitle(LoginPage.java:24)
at com.actitime.pages.LoginPage.verifyTitle(LoginPage.java:24)
at com.actitime.pages.LoginPage.verifyTitle(LoginPage.java:24)
at com.actitime.pages.LoginPage.verifyTitle(LoginPage.java:24)
at com.actitime.pages.LoginPage.verifyTitle(LoginPage.java:24)
at com.actitime.pages.LoginPage.verifyTitle(LoginPage.java:24)
at com.actitime.pages.LoginPage.verifyTitle(LoginPage.java:24)
at com.actitime.pages.LoginPage.verifyTitle(LoginPage.java:24)
at com.actitime.pages.LoginPage.verifyTitle(LoginPage.java:24)
at com.actitime.pages.LoginPage.verifyTitle(LoginPage.java:24)
at com.actitime.pages.LoginPage.verifyTitle(LoginPage.java:24)
at com.actitime.pages.LoginPage.verifyTitle(LoginPage.java:24)
at com.actitime.pages.LoginPage.verifyTitle(LoginPage.java:24)
at com.actitime.pages.LoginPage.verifyTitle(LoginPage.java:24)
at com.actitime.pages.LoginPage.verifyTitle(LoginPage.java:24)
at com.actitime.pages.LoginPage.verifyTitle(LoginPage.java:24)
at com.actitime.pages.LoginPage.verifyTitle(LoginPage.java:24)
at com.actitime.pages.LoginPage.verifyTitle(LoginPage.java:24)
at com.actitime.pages.LoginPage.verifyTitle(LoginPage.java:24)
at com.actitime.pages.LoginPage.verifyTitle(LoginPage.java:24)
at com.actitime.pages.LoginPage.verifyTitle(LoginPage.java:24)
at com.actitime.pages.LoginPage.verifyTitle(LoginPage.java:24)
at com.actitime.pages.LoginPage.verifyTitle(LoginPage.java:24)
at com.actitime.pages.LoginPage.verifyTitle(LoginPage.java:24)
at com.actitime.pages.LoginPage.verifyTitle(LoginPage.java:24)
at com.actitime.pages.LoginPage.verifyTitle(LoginPage.java:24)
at com.actitime.pages.LoginPage.verifyTitle(LoginPage.java:24)
at com.actitime.pages.LoginPage.verifyTitle(LoginPage.java:24)
at com.actitime.pages.LoginPage.verifyTitle(LoginPage.java:24)
at com.actitime.pages.LoginPage.verifyTitle(LoginPage.java:24)
at com.actitime.pages.LoginPage.verifyTitle(LoginPage.java:24)
at com.actitime.pages.LoginPage.verifyTitle(LoginPage.java:24)
at com.actitime.pages.LoginPage.verifyTitle(LoginPage.java:24)
at com.actitime.pages.LoginPage.verifyTitle(LoginPage.java:24)
at com.actitime.pages.LoginPage.verifyTitle(LoginPage.java:24)
at com.actitime.pages.LoginPage.verifyTitle(LoginPage.java:24)
at com.actitime.pages.LoginPage.verifyTitle(LoginPage.java:24)
at com.actitime.pages.LoginPage.verifyTitle(LoginPage.java:24)
at com.actitime.pages.LoginPage.verifyTitle(LoginPage.java:24)
at com.actitime.pages.LoginPage.verifyTitle(LoginPage.java:24)
at com.actitime.pages.LoginPage.verifyTitle(LoginPage.java:24)
at com.actitime.pages.LoginPage.verifyTitle(LoginPage.java:24)
at com.actitime.pages.LoginPage.verifyTitle(LoginPage.java:24)
at com.actitime.pages.LoginPage.verifyTitle(LoginPage.java:24)
at com.actitime.pages.LoginPage.verifyTitle(LoginPage.java:24)
at com.actitime.pages.LoginPage.verifyTitle(LoginPage.java:24)
at com.actitime.pages.LoginPage.verifyTitle(LoginPage.java:24)
at com.actitime.pages.LoginPage.verifyTitle(LoginPage.java:24)
at com.actitime.pages.LoginPage.verifyTitle(LoginPage.java:24)
at com.actitime.pages.LoginPage.verifyTitle(LoginPage.java:24)
at com.actitime.pages.LoginPage.verifyTitle(LoginPage.java:24)
at com.actitime.pages.LoginPage.verifyTitle(LoginPage.java:24)
at com.actitime.pages.LoginPage.verifyTitle(LoginPage.java:24)
at com.actitime.pages.LoginPage.verifyTitle(LoginPage.java:24)
at com.actitime.pages.LoginPage.verifyTitle(LoginPage.java:24)
at com.actitime.pages.LoginPage.verifyTitle(LoginPage.java:24)
at com.actitime.pages.LoginPage.verifyTitle(LoginPage.java:24)
at com.actitime.pages.LoginPage.verifyTitle(LoginPage.java:24)
at com.actitime.pages.LoginPage.verifyTitle(LoginPage.java:24)
at com.actitime.pages.LoginPage.verifyTitle(LoginPage.java:24)
at com.actitime.pages.LoginPage.verifyTitle(LoginPage.java:24)
at com.actitime.pages.LoginPage.verifyTitle(LoginPage.java:24)
at com.actitime.pages.LoginPage.verifyTitle(LoginPage.java:24)
at com.actitime.pages.LoginPage.verifyTitle(LoginPage.java:24)
at com.actitime.pages.LoginPage.verifyTitle(LoginPage.java:24)
at com.actitime.pages.LoginPage.verifyTitle(LoginPage.java:24)
at com.actitime.pages.LoginPage.verifyTitle(LoginPage.java:24)
at com.actitime.pages.LoginPage.verifyTitle(LoginPage.java:24)
at com.actitime.pages.LoginPage.verifyTitle(LoginPage.java:24)
at com.actitime.pages.LoginPage.verifyTitle(LoginPage.java:24)
at com.actitime.pages.LoginPage.verifyTitle(LoginPage.java:24)
at com.actitime.pages.LoginPage.verifyTitle(LoginPage.java:24)
at com.actitime.pages.LoginPage.verifyTitle(LoginPage.java:24)
at com.actitime.pages.LoginPage.verifyTitle(LoginPage.java:24)
at com.actitime.pages.LoginPage.verifyTitle(LoginPage.java:24)
at com.actitime.pages.LoginPage.verifyTitle(LoginPage.java:24)
at com.actitime.pages.LoginPage.verifyTitle(LoginPage.java:24)
at com.actitime.pages.LoginPage.verifyTitle(LoginPage.java:24)
at com.actitime.pages.LoginPage.verifyTitle(LoginPage.java:24)
at com.actitime.pages.LoginPage.verifyTitle(LoginPage.java:24)
at com.actitime.pages.LoginPage.verifyTitle(LoginPage.java:24)
at com.actitime.pages.LoginPage.verifyTitle(LoginPage.java:24)
at com.actitime.pages.LoginPage.verifyTitle(LoginPage.java:24)
at com.actitime.pages.LoginPage.verifyTitle(LoginPage.java:24)
at com.actitime.pages.LoginPage.verifyTitle(LoginPage.java:24)
at com.actitime.pages.LoginPage.verifyTitle(LoginPage.java:24)
at com.actitime.pages.LoginPage.verifyTitle(LoginPage.java:24)
at com.actitime.pages.LoginPage.verifyTitle(LoginPage.java:24)
at com.actitime.pages.LoginPage.verifyTitle(LoginPage.java:24)
at com.actitime.pages.LoginPage.verifyTitle(LoginPage.java:24)
at com.actitime.pages.LoginPage.verifyTitle(LoginPage.java:24)
at com.actitime.pages.LoginPage.verifyTitle(LoginPage.java:24)
at com.actitime.pages.LoginPage.verifyTitle(LoginPage.java:24)
at com.actitime.pages.LoginPage.verifyTitle(LoginPage.java:24)
at com.actitime.pages.LoginPage.verifyTitle(LoginPage.java:24)
at com.actitime.pages.LoginPage.verifyTitle(LoginPage.java:24)
at com.actitime.pages.LoginPage.verifyTitle(LoginPage.java:24)
at com.actitime.pages.LoginPage.verifyTitle(LoginPage.java:24)
at com.actitime.pages.LoginPage.verifyTitle(LoginPage.java:24)
at com.actitime.pages.LoginPage.verifyTitle(LoginPage.java:24)
at com.actitime.pages.LoginPage.verifyTitle(LoginPage.java:24)
at com.actitime.pages.LoginPage.verifyTitle(LoginPage.java:24)
at com.actitime.pages.LoginPage.verifyTitle(LoginPage.java:24)
at com.actitime.pages.LoginPage.verifyTitle(LoginPage.java:24)
at com.actitime.pages.LoginPage.verifyTitle(LoginPage.java:24)
at com.actitime.pages.LoginPage.verifyTitle(LoginPage.java:24)
at com.actitime.pages.LoginPage.verifyTitle(LoginPage.java:24)
at com.actitime.pages.LoginPage.verifyTitle(LoginPage.java:24)
at com.actitime.pages.LoginPage.verifyTitle(LoginPage.java:24)
at com.actitime.pages.LoginPage.verifyTitle(LoginPage.java:24)
at com.actitime.pages.LoginPage.verifyTitle(LoginPage.java:24)
at com.actitime.pages.LoginPage.verifyTitle(LoginPage.java:24)
at com.actitime.pages.LoginPage.verifyTitle(LoginPage.java:24)
at com.actitime.pages.LoginPage.verifyTitle(LoginPage.java:24)
at com.actitime.pages.LoginPage.verifyTitle(LoginPage.java:24)
at com.actitime.pages.LoginPage.verifyTitle(LoginPage.java:24)
at com.actitime.pages.LoginPage.verifyTitle(LoginPage.java:24)
at com.actitime.pages.LoginPage.verifyTitle(LoginPage.java:24)
at com.actitime.pages.LoginPage.verifyTitle(LoginPage.java:24)
at com.actitime.pages.LoginPage.verifyTitle(LoginPage.java:24)
at com.actitime.pages.LoginPage.verifyTitle(LoginPage.java:24)
at com.actitime.pages.LoginPage.verifyTitle(LoginPage.java:24)
at com.actitime.pages.LoginPage.verifyTitle(LoginPage.java:24)
at com.actitime.pages.LoginPage.verifyTitle(LoginPage.java:24)
at com.actitime.pages.LoginPage.verifyTitle(LoginPage.java:24)
at com.actitime.pages.LoginPage.verifyTitle(LoginPage.java:24)
at com.actitime.pages.LoginPage.verifyTitle(LoginPage.java:24)
at com.actitime.pages.LoginPage.verifyTitle(LoginPage.java:24)
at com.actitime.pages.LoginPage.verifyTitle(LoginPage.java:24)
at com.actitime.pages.LoginPage.verifyTitle(LoginPage.java:24)
at com.actitime.pages.LoginPage.verifyTitle(LoginPage.java:24)
at com.actitime.pages.LoginPage.verifyTitle(LoginPage.java:24)
at com.actitime.pages.LoginPage.verifyTitle(LoginPage.java:24)
at com.actitime.pages.LoginPage.verifyTitle(LoginPage.java:24)
at com.actitime.pages.LoginPage.verifyTitle(LoginPage.java:24)
at com.actitime.pages.LoginPage.verifyTitle(LoginPage.java:24)
at com.actitime.pages.LoginPage.verifyTitle(LoginPage.java:24)
at com.actitime.pages.LoginPage.verifyTitle(LoginPage.java:24)
at com.actitime.pages.LoginPage.verifyTitle(LoginPage.java:24)
at com.actitime.pages.LoginPage.verifyTitle(LoginPage.java:24)
at com.actitime.pages.LoginPage.verifyTitle(LoginPage.java:24)
at com.actitime.pages.LoginPage.verifyTitle(LoginPage.java:24)
at com.actitime.pages.LoginPage.verifyTitle(LoginPage.java:24)
at com.actitime.pages.LoginPage.verifyTitle(LoginPage.java:24)
at com.actitime.pages.LoginPage.verifyTitle(LoginPage.java:24)
at com.actitime.pages.LoginPage.verifyTitle(LoginPage.java:24)
at com.actitime.pages.LoginPage.verifyTitle(LoginPage.java:24)
at com.actitime.pages.LoginPage.verifyTitle(LoginPage.java:24)
at com.actitime.pages.LoginPage.verifyTitle(LoginPage.java:24)
at com.actitime.pages.LoginPage.verifyTitle(LoginPage.java:24)
at com.actitime.pages.LoginPage.verifyTitle(LoginPage.java:24)
at com.actitime.pages.LoginPage.verifyTitle(LoginPage.java:24)
at com.actitime.pages.LoginPage.verifyTitle(LoginPage.java:24)
at com.actitime.pages.LoginPage.verifyTitle(LoginPage.java:24)
at com.actitime.pages.LoginPage.verifyTitle(LoginPage.java:24)
at com.actitime.pages.LoginPage.verifyTitle(LoginPage.java:24)
at com.actitime.pages.LoginPage.verifyTitle(LoginPage.java:24)
at com.actitime.pages.LoginPage.verifyTitle(LoginPage.java:24)
at com.actitime.pages.LoginPage.verifyTitle(LoginPage.java:24)
at com.actitime.pages.LoginPage.verifyTitle(LoginPage.java:24)
at com.actitime.pages.LoginPage.verifyTitle(LoginPage.java:24)
at com.actitime.pages.LoginPage.verifyTitle(LoginPage.java:24)
at com.actitime.pages.LoginPage.verifyTitle(LoginPage.java:24)
at com.actitime.pages.LoginPage.verifyTitle(LoginPage.java:24)
at com.actitime.pages.LoginPage.verifyTitle(LoginPage.java:24)
at com.actitime.pages.LoginPage.verifyTitle(LoginPage.java:24)
at com.actitime.pages.LoginPage.verifyTitle(LoginPage.java:24)
at com.actitime.pages.LoginPage.verifyTitle(LoginPage.java:24)
at com.actitime.pages.LoginPage.verifyTitle(LoginPage.java:24)
at com.actitime.pages.LoginPage.verifyTitle(LoginPage.java:24)
at com.actitime.pages.LoginPage.verifyTitle(LoginPage.java:24)
at com.actitime.pages.LoginPage.verifyTitle(LoginPage.java:24)
at com.actitime.pages.LoginPage.verifyTitle(LoginPage.java:24)
at com.actitime.pages.LoginPage.verifyTitle(LoginPage.java:24)
at com.actitime.pages.LoginPage.verifyTitle(LoginPage.java:24)
at com.actitime.pages.LoginPage.verifyTitle(LoginPage.java:24)
at com.actitime.pages.LoginPage.verifyTitle(LoginPage.java:24)
at com.actitime.pages.LoginPage.verifyTitle(LoginPage.java:24)
at com.actitime.pages.LoginPage.verifyTitle(LoginPage.java:24)
at com.actitime.pages.LoginPage.verifyTitle(LoginPage.java:24)
at com.actitime.pages.LoginPage.verifyTitle(LoginPage.java:24)
at com.actitime.pages.LoginPage.verifyTitle(LoginPage.java:24)
at com.actitime.pages.LoginPage.verifyTitle(LoginPage.java:24)
at com.actitime.pages.LoginPage.verifyTitle(LoginPage.java:24)
at com.actitime.pages.LoginPage.verifyTitle(LoginPage.java:24)
at com.actitime.pages.LoginPage.verifyTitle(LoginPage.java:24)
at com.actitime.pages.LoginPage.verifyTitle(LoginPage.java:24)
at com.actitime.pages.LoginPage.verifyTitle(LoginPage.java:24)
at com.actitime.pages.LoginPage.verifyTitle(LoginPage.java:24)
at com.actitime.pages.LoginPage.verifyTitle(LoginPage.java:24)
at com.actitime.pages.LoginPage.verifyTitle(LoginPage.java:24)
at com.actitime.pages.LoginPage.verifyTitle(LoginPage.java:24)
at com.actitime.pages.LoginPage.verifyTitle(LoginPage.java:24)
at com.actitime.pages.LoginPage.verifyTitle(LoginPage.java:24)
at com.actitime.pages.LoginPage.verifyTitle(LoginPage.java:24)
at com.actitime.pages.LoginPage.verifyTitle(LoginPage.java:24)
at com.actitime.pages.LoginPage.verifyTitle(LoginPage.java:24)
at com.actitime.pages.LoginPage.verifyTitle(LoginPage.java:24)
at com.actitime.pages.LoginPage.verifyTitle(LoginPage.java:24)
at com.actitime.pages.LoginPage.verifyTitle(LoginPage.java:24)
at com.actitime.pages.LoginPage.verifyTitle(LoginPage.java:24)
at com.actitime.pages.LoginPage.verifyTitle(LoginPage.java:24)
at com.actitime.pages.LoginPage.verifyTitle(LoginPage.java:24)
at com.actitime.pages.LoginPage.verifyTitle(LoginPage.java:24)
at com.actitime.pages.LoginPage.verifyTitle(LoginPage.java:24)
at com.actitime.pages.LoginPage.verifyTitle(LoginPage.java:24)
at com.actitime.pages.LoginPage.verifyTitle(LoginPage.java:24)
at com.actitime.pages.LoginPage.verifyTitle(LoginPage.java:24)
at com.actitime.pages.LoginPage.verifyTitle(LoginPage.java:24)
at com.actitime.pages.LoginPage.verifyTitle(LoginPage.java:24)
at com.actitime.pages.LoginPage.verifyTitle(LoginPage.java:24)
at com.actitime.pages.LoginPage.verifyTitle(LoginPage.java:24)
at com.actitime.pages.LoginPage.verifyTitle(LoginPage.java:24)
at com.actitime.pages.LoginPage.verifyTitle(LoginPage.java:24)
at com.actitime.pages.LoginPage.verifyTitle(LoginPage.java:24)
at com.actitime.pages.LoginPage.verifyTitle(LoginPage.java:24)
at com.actitime.pages.LoginPage.verifyTitle(LoginPage.java:24)
at com.actitime.pages.LoginPage.verifyTitle(LoginPage.java:24)
at com.actitime.pages.LoginPage.verifyTitle(LoginPage.java:24)
at com.actitime.pages.LoginPage.verifyTitle(LoginPage.java:24)
at com.actitime.pages.LoginPage.verifyTitle(LoginPage.java:24)
at com.actitime.pages.LoginPage.verifyTitle(LoginPage.java:24)
at com.actitime.pages.LoginPage.verifyTitle(LoginPage.java:24)
at com.actitime.pages.LoginPage.verifyTitle(LoginPage.java:24)
at com.actitime.pages.LoginPage.verifyTitle(LoginPage.java:24)
at com.actitime.pages.LoginPage.verifyTitle(LoginPage.java:24)
at com.actitime.pages.LoginPage.verifyTitle(LoginPage.java:24)
at com.actitime.pages.LoginPage.verifyTitle(LoginPage.java:24)
at com.actitime.pages.LoginPage.verifyTitle(LoginPage.java:24)
at com.actitime.pages.LoginPage.verifyTitle(LoginPage.java:24)
at com.actitime.pages.LoginPage.verifyTitle(LoginPage.java:24)
at com.actitime.pages.LoginPage.verifyTitle(LoginPage.java:24)
at com.actitime.pages.LoginPage.verifyTitle(LoginPage.java:24)
at com.actitime.pages.LoginPage.verifyTitle(LoginPage.java:24)
at com.actitime.pages.LoginPage.verifyTitle(LoginPage.java:24)
at com.actitime.pages.LoginPage.verifyTitle(LoginPage.java:24)
at com.actitime.pages.LoginPage.verifyTitle(LoginPage.java:24)
at com.actitime.pages.LoginPage.verifyTitle(LoginPage.java:24)
at com.actitime.pages.LoginPage.verifyTitle(LoginPage.java:24)
at com.actitime.pages.LoginPage.verifyTitle(LoginPage.java:24)
at com.actitime.pages.LoginPage.verifyTitle(LoginPage.java:24)
at com.actitime.pages.LoginPage.verifyTitle(LoginPage.java:24)
at com.actitime.pages.LoginPage.verifyTitle(LoginPage.java:24)
at com.actitime.pages.LoginPage.verifyTitle(LoginPage.java:24)
at com.actitime.pages.LoginPage.verifyTitle(LoginPage.java:24)
at com.actitime.pages.LoginPage.verifyTitle(LoginPage.java:24)
at com.actitime.pages.LoginPage.verifyTitle(LoginPage.java:24)
at com.actitime.pages.LoginPage.verifyTitle(LoginPage.java:24)
at com.actitime.pages.LoginPage.verifyTitle(LoginPage.java:24)
at com.actitime.pages.LoginPage.verifyTitle(LoginPage.java:24)
at com.actitime.pages.LoginPage.verifyTitle(LoginPage.java:24)
at com.actitime.pages.LoginPage.verifyTitle(LoginPage.java:24)
at com.actitime.pages.LoginPage.verifyTitle(LoginPage.java:24)
at com.actitime.pages.LoginPage.verifyTitle(LoginPage.java:24)
at com.actitime.pages.LoginPage.verifyTitle(LoginPage.java:24)
at com.actitime.pages.LoginPage.verifyTitle(LoginPage.java:24)
at com.actitime.pages.LoginPage.verifyTitle(LoginPage.java:24)
at com.actitime.pages.LoginPage.verifyTitle(LoginPage.java:24)
at com.actitime.pages.LoginPage.verifyTitle(LoginPage.java:24)
at com.actitime.pages.LoginPage.verifyTitle(LoginPage.java:24)
at com.actitime.pages.LoginPage.verifyTitle(LoginPage.java:24)
at com.actitime.pages.LoginPage.verifyTitle(LoginPage.java:24)
at com.actitime.pages.LoginPage.verifyTitle(LoginPage.java:24)
at com.actitime.pages.LoginPage.verifyTitle(LoginPage.java:24)
at com.actitime.pages.LoginPage.verifyTitle(LoginPage.java:24)
at com.actitime.pages.LoginPage.verifyTitle(LoginPage.java:24)
at com.actitime.pages.LoginPage.verifyTitle(LoginPage.java:24)
at com.actitime.pages.LoginPage.verifyTitle(LoginPage.java:24)
at com.actitime.pages.LoginPage.verifyTitle(LoginPage.java:24)
at com.actitime.pages.LoginPage.verifyTitle(LoginPage.java:24)
at com.actitime.pages.LoginPage.verifyTitle(LoginPage.java:24)
at com.actitime.pages.LoginPage.verifyTitle(LoginPage.java:24)
]]>
    </error>
  </testcase> <!-- testValidLoginLogout -->
</testsuite> <!-- com.actitime.tests.ValidLoginLogoutTest -->
